2026-02-27T08:26:08.574775Z  WARN wgpu_hal::vulkan::instance: Unable to find extension: VK_EXT_physical_device_drm
2026-02-27T08:26:08.576278Z  WARN wgpu_hal::vulkan::instance: InstanceFlags::VALIDATION requested, but unable to find layer: VK_LAYER_KHRONOS_validation
2026-02-27T08:26:08.577582Z  WARN wgpu_hal::vulkan::instance: GENERAL [Loader Message (0x0)]
	Path to given binary /usr/lib64/libGLX_nvidia.so.590.48.01 was found to differ from OS loaded path /usr/lib64/libGLX_nvidia.so.0
2026-02-27T08:26:08.577613Z  WARN wgpu_hal::vulkan::instance: 	objects: (type: INSTANCE, hndl: 0x55f2bd4623b0, name: ?)
2026-02-27T08:26:08.581178Z  WARN wgpu_hal::vulkan::instance: GENERAL [Loader Message (0x0)]
	terminator_CreateInstance: Received return code -9 from call to vkCreateInstance in ICD /usr/lib64/libvulkan_dzn.so. Skipping this driver.
2026-02-27T08:26:08.581213Z  WARN wgpu_hal::vulkan::instance: 	objects: (type: INSTANCE, hndl: 0x55f2bd4623b0, name: ?)
2026-02-27T08:26:08.632423Z  INFO cubecl_wgpu::runtime: Using adapter AdapterInfo { name: "NVIDIA GeForce RTX 3050 Laptop GPU", vendor: 4318, device: 9698, device_type: DiscreteGpu, driver: "NVIDIA", driver_info: "590.48.01", backend: Vulkan }
2026-02-27T08:26:08.874139Z  INFO cubecl_wgpu::runtime: Created wgpu compute server on device Device { inner: Core(CoreDevice { context: ContextWgpuCore { type: "Native" }, id: Id(0,1), error_sink: Mutex { data: ErrorSink }, features: Features { features_wgpu: FeaturesWGPU(SHADER_FLOAT32_ATOMIC | TEXTURE_FORMAT_16BIT_NORM | TEXTURE_ADAPTER_SPECIFIC_FORMAT_FEATURES | PIPELINE_STATISTICS_QUERY | TIMESTAMP_QUERY_INSIDE_ENCODERS | TIMESTAMP_QUERY_INSIDE_PASSES | TEXTURE_BINDING_ARRAY | BUFFER_BINDING_ARRAY | STORAGE_RESOURCE_BINDING_ARRAY | SAMPLED_TEXTURE_AND_STORAGE_BUFFER_ARRAY_NON_UNIFORM_INDEXING | STORAGE_TEXTURE_ARRAY_NON_UNIFORM_INDEXING | PARTIALLY_BOUND_BINDING_ARRAY | MULTI_DRAW_INDIRECT | MULTI_DRAW_INDIRECT_COUNT | PUSH_CONSTANTS | ADDRESS_MODE_CLAMP_TO_ZERO | ADDRESS_MODE_CLAMP_TO_BORDER | POLYGON_MODE_LINE | POLYGON_MODE_POINT | CONSERVATIVE_RASTERIZATION | VERTEX_WRITABLE_STORAGE | CLEAR_TEXTURE | SPIRV_SHADER_PASSTHROUGH | MULTIVIEW | TEXTURE_ATOMIC | TEXTURE_FORMAT_NV12 | EXPERIMENTAL_RAY_TRACING_ACCELERATION_STRUCTURE | EXPERIMENTAL_RAY_QUERY | SHADER_F64 | SHADER_I16 | SHADER_PRIMITIVE_INDEX | SHADER_EARLY_DEPTH_TEST | SHADER_INT64 | SUBGROUP | SUBGROUP_VERTEX | SUBGROUP_BARRIER | PIPELINE_CACHE | SHADER_INT64_ATOMIC_MIN_MAX | SHADER_INT64_ATOMIC_ALL_OPS | TEXTURE_INT64_ATOMIC | EXPERIMENTAL_MESH_SHADER | EXPERIMENTAL_RAY_HIT_VERTEX_RETURN | EXPERIMENTAL_MESH_SHADER_MULTIVIEW | EXTENDED_ACCELERATION_STRUCTURE_VERTEX_FORMATS), features_webgpu: FeaturesWebGPU(DEPTH_CLIP_CONTROL | DEPTH32FLOAT_STENCIL8 | TEXTURE_COMPRESSION_BC | TEXTURE_COMPRESSION_BC_SLICED_3D | TIMESTAMP_QUERY | INDIRECT_FIRST_INSTANCE | RG11B10UFLOAT_RENDERABLE | BGRA8UNORM_STORAGE | FLOAT32_FILTERABLE | DUAL_SOURCE_BLENDING | CLIP_DISTANCES) } }) } => AdapterInfo { name: "NVIDIA GeForce RTX 3050 Laptop GPU", vendor: 4318, device: 9698, device_type: DiscreteGpu, driver: "NVIDIA", driver_info: "590.48.01", backend: Vulkan }
2026-02-27T08:26:08.904270Z  INFO burn_train::learner::supervised::strategies::single::epoch: Executing training step for epoch 1
2026-02-27T08:27:59.090286Z  INFO burn_train::learner::supervised::strategies::single::epoch: Iteration 1
2026-02-27T08:27:59.093407Z  INFO cubecl_runtime::tune::tune_cache: Load autotune cache ...
2026-02-27T08:27:59.093562Z  INFO cubecl_runtime::tune::tune_cache: Loaded 3 autotune cached entries
2026-02-27T08:28:00.256958Z  INFO cubecl_runtime::tune::tune_cache: Load autotune cache ...
2026-02-27T08:28:00.257120Z  INFO cubecl_runtime::tune::tune_cache: Loaded 2 autotune cached entries
2026-02-27T08:28:00.260218Z  INFO cubecl_runtime::tune::tune_cache: Load autotune cache ...
2026-02-27T08:28:00.260388Z  INFO cubecl_runtime::tune::tune_cache: Loaded 6 autotune cached entries
2026-02-27T08:28:01.528796Z  INFO cubecl_runtime::tune::tune_cache: Load autotune cache ...
2026-02-27T08:28:01.528949Z  INFO cubecl_runtime::tune::tune_cache: Loaded 1 autotune cached entries
2026-02-27T08:28:01.564585Z  INFO cubecl_runtime::tune::tune_cache: Load autotune cache ...
2026-02-27T08:28:01.564739Z  INFO cubecl_runtime::tune::tune_cache: Loaded 2 autotune cached entries
2026-02-27T08:28:09.731914Z  INFO cubecl_runtime::tune::tune_cache: Load autotune cache ...
2026-02-27T08:28:09.732058Z  INFO cubecl_runtime::tune::tune_cache: Loaded 0 autotune cached entries
2026-02-27T08:28:09.732109Z  INFO cubecl_runtime::tune::tuner: Tuning ConvTranspose2dAutotuneKey { kernel_size: [3, 3], stride: [1, 1], padding: [1, 1], padding_out: [0, 0], dilation: [1, 1], groups: 1, in_channels: 128, out_channels: 128, height: 256, width: 256, batch_size: 32, has_bias: false, dtype: F32 }
2026-02-27T08:29:08.311856Z ERROR burn_train::learner::application_logger: PANIC => panicked at /home/silvestrs/.cargo/registry/src/index.crates.io-1949cf8c6b5b557f/cubecl-runtime-0.9.0/src/client.rs:404:41:
called `Result::unwrap()` on an `Err` value: can't allocate buffer of size: 3699376128
No backtrace available
2026-02-27T08:51:50.507327Z  INFO burn_train::learner::supervised::strategies::single::epoch: Executing training step for epoch 1
2026-02-27T08:53:39.660629Z  INFO burn_train::learner::supervised::strategies::single::epoch: Iteration 1
2026-02-27T09:04:47.286678Z  INFO burn_train::learner::supervised::strategies::single::epoch: Executing training step for epoch 1
2026-02-27T09:06:36.778871Z  INFO burn_train::learner::supervised::strategies::single::epoch: Iteration 1
2026-02-27T09:51:05.156242Z  INFO burn_train::learner::supervised::strategies::single::epoch: Executing training step for epoch 1
2026-02-27T09:52:55.227172Z  INFO burn_train::learner::supervised::strategies::single::epoch: Iteration 1
2026-02-27T10:17:19.670631Z  WARN wgpu_hal::vulkan::instance: Unable to find extension: VK_EXT_physical_device_drm
2026-02-27T10:17:19.672389Z  WARN wgpu_hal::vulkan::instance: InstanceFlags::VALIDATION requested, but unable to find layer: VK_LAYER_KHRONOS_validation
2026-02-27T10:17:19.673593Z  WARN wgpu_hal::vulkan::instance: GENERAL [Loader Message (0x0)]
	Path to given binary /usr/lib64/libGLX_nvidia.so.590.48.01 was found to differ from OS loaded path /usr/lib64/libGLX_nvidia.so.0
2026-02-27T10:17:19.673623Z  WARN wgpu_hal::vulkan::instance: 	objects: (type: INSTANCE, hndl: 0x556b1fa14440, name: ?)
2026-02-27T10:17:19.675932Z  WARN wgpu_hal::vulkan::instance: GENERAL [Loader Message (0x0)]
	terminator_CreateInstance: Received return code -9 from call to vkCreateInstance in ICD /usr/lib64/libvulkan_dzn.so. Skipping this driver.
2026-02-27T10:17:19.675967Z  WARN wgpu_hal::vulkan::instance: 	objects: (type: INSTANCE, hndl: 0x556b1fa14440, name: ?)
2026-02-27T10:17:19.704275Z  INFO cubecl_wgpu::runtime: Using adapter AdapterInfo { name: "NVIDIA GeForce RTX 3050 Laptop GPU", vendor: 4318, device: 9698, device_type: DiscreteGpu, driver: "NVIDIA", driver_info: "590.48.01", backend: Vulkan }
2026-02-27T10:17:20.071916Z  INFO cubecl_wgpu::runtime: Created wgpu compute server on device Device { inner: Core(CoreDevice { context: ContextWgpuCore { type: "Native" }, id: Id(0,1), error_sink: Mutex { data: ErrorSink }, features: Features { features_wgpu: FeaturesWGPU(SHADER_FLOAT32_ATOMIC | TEXTURE_FORMAT_16BIT_NORM | TEXTURE_ADAPTER_SPECIFIC_FORMAT_FEATURES | PIPELINE_STATISTICS_QUERY | TIMESTAMP_QUERY_INSIDE_ENCODERS | TIMESTAMP_QUERY_INSIDE_PASSES | TEXTURE_BINDING_ARRAY | BUFFER_BINDING_ARRAY | STORAGE_RESOURCE_BINDING_ARRAY | SAMPLED_TEXTURE_AND_STORAGE_BUFFER_ARRAY_NON_UNIFORM_INDEXING | STORAGE_TEXTURE_ARRAY_NON_UNIFORM_INDEXING | PARTIALLY_BOUND_BINDING_ARRAY | MULTI_DRAW_INDIRECT | MULTI_DRAW_INDIRECT_COUNT | PUSH_CONSTANTS | ADDRESS_MODE_CLAMP_TO_ZERO | ADDRESS_MODE_CLAMP_TO_BORDER | POLYGON_MODE_LINE | POLYGON_MODE_POINT | CONSERVATIVE_RASTERIZATION | VERTEX_WRITABLE_STORAGE | CLEAR_TEXTURE | SPIRV_SHADER_PASSTHROUGH | MULTIVIEW | TEXTURE_ATOMIC | TEXTURE_FORMAT_NV12 | EXPERIMENTAL_RAY_TRACING_ACCELERATION_STRUCTURE | EXPERIMENTAL_RAY_QUERY | SHADER_F64 | SHADER_I16 | SHADER_PRIMITIVE_INDEX | SHADER_EARLY_DEPTH_TEST | SHADER_INT64 | SUBGROUP | SUBGROUP_VERTEX | SUBGROUP_BARRIER | PIPELINE_CACHE | SHADER_INT64_ATOMIC_MIN_MAX | SHADER_INT64_ATOMIC_ALL_OPS | TEXTURE_INT64_ATOMIC | EXPERIMENTAL_MESH_SHADER | EXPERIMENTAL_RAY_HIT_VERTEX_RETURN | EXPERIMENTAL_MESH_SHADER_MULTIVIEW | EXTENDED_ACCELERATION_STRUCTURE_VERTEX_FORMATS), features_webgpu: FeaturesWebGPU(DEPTH_CLIP_CONTROL | DEPTH32FLOAT_STENCIL8 | TEXTURE_COMPRESSION_BC | TEXTURE_COMPRESSION_BC_SLICED_3D | TIMESTAMP_QUERY | INDIRECT_FIRST_INSTANCE | RG11B10UFLOAT_RENDERABLE | BGRA8UNORM_STORAGE | FLOAT32_FILTERABLE | DUAL_SOURCE_BLENDING | CLIP_DISTANCES) } }) } => AdapterInfo { name: "NVIDIA GeForce RTX 3050 Laptop GPU", vendor: 4318, device: 9698, device_type: DiscreteGpu, driver: "NVIDIA", driver_info: "590.48.01", backend: Vulkan }
2026-02-27T10:17:20.102496Z  INFO burn_train::learner::supervised::strategies::single::epoch: Executing training step for epoch 1
2026-02-27T10:18:14.971426Z  INFO burn_train::learner::supervised::strategies::single::epoch: Iteration 1
2026-02-27T10:18:14.979910Z  INFO cubecl_runtime::tune::tune_cache: Load autotune cache ...
2026-02-27T10:18:14.980062Z  INFO cubecl_runtime::tune::tune_cache: Loaded 3 autotune cached entries
2026-02-27T10:18:14.980116Z  INFO cubecl_runtime::tune::tuner: Tuning ConvAutotuneKey { kernel_size: [3, 3], stride: [1, 1], padding: [1, 1], dilation: [1, 1], groups: 1, in_channels: 4, out_channels: 32, shape: [256, 256], batch_size: 16, has_bias: true, dtype: F32, lhs_shape_align: 0, lhs_stride_align: 0, rhs_shape_align: 0, rhs_stride_align: 0 }
2026-02-27T10:18:15.274450Z  INFO cubecl_runtime::tune::tuner: Tuning ConvAutotuneKey { kernel_size: [3, 3], stride: [1, 1], padding: [1, 1], dilation: [1, 1], groups: 1, in_channels: 32, out_channels: 64, shape: [256, 256], batch_size: 16, has_bias: true, dtype: F32, lhs_shape_align: 0, lhs_stride_align: 0, rhs_shape_align: 0, rhs_stride_align: 0 }
2026-02-27T10:18:16.860247Z  INFO cubecl_runtime::tune::tuner: Tuning ConvAutotuneKey { kernel_size: [3, 3], stride: [1, 1], padding: [1, 1], dilation: [1, 1], groups: 1, in_channels: 64, out_channels: 128, shape: [256, 256], batch_size: 16, has_bias: true, dtype: F32, lhs_shape_align: 0, lhs_stride_align: 0, rhs_shape_align: 0, rhs_stride_align: 0 }
2026-02-27T10:18:26.852023Z  INFO cubecl_runtime::tune::tune_cache: Load autotune cache ...
2026-02-27T10:18:26.852184Z  INFO cubecl_runtime::tune::tune_cache: Loaded 2 autotune cached entries
2026-02-27T10:18:26.852225Z  INFO cubecl_runtime::tune::tuner: Tuning FusedMatmulAutotuneKey - MatmulKey: MatmulAutotuneKey { definition: MatmulProblemDefinition { m: 16, n: 256, k: 8192, lhs_pow2_factor: 4, lhs_stride_factor: 10, rhs_pow2_factor: 4, rhs_stride_factor: 10, elem_lhs: Scalar(Float(F32)), elem_rhs: Scalar(Float(F32)), elem_out: Scalar(Float(F32)), matrix_layout_lhs: Contiguous, matrix_layout_rhs: Contiguous }, analysis: MatmulAutotuneAnalysis { scale_global: Large, kind: General } }, NumOutBuffers: 2, NumOps: 8
2026-02-27T10:18:26.854693Z  INFO cubecl_runtime::tune::tune_cache: Load autotune cache ...
2026-02-27T10:18:26.854842Z  INFO cubecl_runtime::tune::tune_cache: Loaded 6 autotune cached entries
2026-02-27T10:18:26.854880Z  INFO cubecl_runtime::tune::tuner: Tuning MatmulAutotuneKey - Definition: MatmulProblemDefinition { m: 16, n: 256, k: 8192, lhs_pow2_factor: 4, lhs_stride_factor: 10, rhs_pow2_factor: 4, rhs_stride_factor: 10, elem_lhs: Scalar(Float(F32)), elem_rhs: Scalar(Float(F32)), elem_out: Scalar(Float(F32)), matrix_layout_lhs: Contiguous, matrix_layout_rhs: Contiguous }, Analysis: MatmulAutotuneAnalysis { scale_global: Large, kind: General }
2026-02-27T10:18:40.321183Z  INFO cubecl_runtime::tune::tuner: Tuning FusedMatmulAutotuneKey - MatmulKey: MatmulAutotuneKey { definition: MatmulProblemDefinition { m: 16, n: 1, k: 256, lhs_pow2_factor: 4, lhs_stride_factor: 10, rhs_pow2_factor: 0, rhs_stride_factor: 2, elem_lhs: Scalar(Float(F32)), elem_rhs: Scalar(Float(F32)), elem_out: Scalar(Float(F32)), matrix_layout_lhs: Contiguous, matrix_layout_rhs: Contiguous }, analysis: MatmulAutotuneAnalysis { scale_global: Small, kind: MatVec } }, NumOutBuffers: 4, NumOps: 16
2026-02-27T10:18:40.321532Z  INFO cubecl_runtime::tune::tuner: Tuning MatmulAutotuneKey - Definition: MatmulProblemDefinition { m: 16, n: 1, k: 256, lhs_pow2_factor: 4, lhs_stride_factor: 10, rhs_pow2_factor: 0, rhs_stride_factor: 2, elem_lhs: Scalar(Float(F32)), elem_rhs: Scalar(Float(F32)), elem_out: Scalar(Float(F32)), matrix_layout_lhs: Contiguous, matrix_layout_rhs: Contiguous }, Analysis: MatmulAutotuneAnalysis { scale_global: Small, kind: MatVec }
2026-02-27T10:18:40.629965Z  INFO cubecl_runtime::tune::tune_cache: Load autotune cache ...
2026-02-27T10:18:40.630112Z  INFO cubecl_runtime::tune::tune_cache: Loaded 1 autotune cached entries
2026-02-27T10:18:40.630150Z  INFO cubecl_runtime::tune::tuner: Tuning SumAutotuneKey { dtype: F32, length: 16 }
2026-02-27T10:18:40.631042Z  INFO cubecl_runtime::tune::tune_cache: Load autotune cache ...
2026-02-27T10:18:40.631178Z  INFO cubecl_runtime::tune::tune_cache: Loaded 3 autotune cached entries
2026-02-27T10:18:40.663644Z  INFO cubecl_runtime::tune::tuner: Tuning ReduceAutotuneKey - ElemInput: Float(F32), ElemOutput: Float(F32), ElemAcc: Float(F32), AxisIsContiguous: true, VectorSize: 16, VectorCount: 1
2026-02-27T10:18:40.977269Z  INFO cubecl_runtime::tune::tune_cache: Load autotune cache ...
2026-02-27T10:18:40.977420Z  INFO cubecl_runtime::tune::tune_cache: Loaded 2 autotune cached entries
2026-02-27T10:18:40.977459Z  INFO cubecl_runtime::tune::tuner: Tuning FusedReduceAutotuneKey - ReduceKey: ReduceAutotuneKey { elem_input: Float(F32), elem_output: Float(F32), elem_acc: Float(F32), axis_is_contiguous: false, vector_size: 16, vector_count: 1 }, FuseNumReads: 4, FuseNumWrites: 2, FuseNumOps: 16
2026-02-27T10:18:41.104490Z  INFO cubecl_runtime::tune::tuner: Tuning MatmulAutotuneKey - Definition: MatmulProblemDefinition { m: 16, n: 256, k: 1, lhs_pow2_factor: 0, lhs_stride_factor: 2, rhs_pow2_factor: 4, rhs_stride_factor: 2, elem_lhs: Scalar(Float(F32)), elem_rhs: Scalar(Float(F32)), elem_out: Scalar(Float(F32)), matrix_layout_lhs: Contiguous, matrix_layout_rhs: Contiguous }, Analysis: MatmulAutotuneAnalysis { scale_global: Small, kind: OuterProduct }
2026-02-27T10:18:41.320870Z  INFO cubecl_runtime::tune::tuner: Tuning MatmulAutotuneKey - Definition: MatmulProblemDefinition { m: 256, n: 1, k: 16, lhs_pow2_factor: 4, lhs_stride_factor: 10, rhs_pow2_factor: 0, rhs_stride_factor: 2, elem_lhs: Scalar(Float(F32)), elem_rhs: Scalar(Float(F32)), elem_out: Scalar(Float(F32)), matrix_layout_lhs: MildlyPermuted { transposed: true, batch_swap: false }, matrix_layout_rhs: Contiguous }, Analysis: MatmulAutotuneAnalysis { scale_global: Small, kind: MatVec }
2026-02-27T10:18:41.451177Z  INFO cubecl_runtime::tune::tuner: Tuning FusedReduceAutotuneKey - ReduceKey: ReduceAutotuneKey { elem_input: Float(F32), elem_output: Float(F32), elem_acc: Float(F32), axis_is_contiguous: false, vector_size: 16, vector_count: 512 }, FuseNumReads: 2, FuseNumWrites: 2, FuseNumOps: 2
2026-02-27T10:18:41.455861Z  INFO cubecl_runtime::tune::tuner: Tuning ReduceAutotuneKey - ElemInput: Float(F32), ElemOutput: Float(F32), ElemAcc: Float(F32), AxisIsContiguous: false, VectorSize: 16, VectorCount: 512
2026-02-27T10:18:41.611045Z  INFO cubecl_runtime::tune::tuner: Tuning MatmulAutotuneKey - Definition: MatmulProblemDefinition { m: 16, n: 8192, k: 256, lhs_pow2_factor: 4, lhs_stride_factor: 10, rhs_pow2_factor: 4, rhs_stride_factor: 10, elem_lhs: Scalar(Float(F32)), elem_rhs: Scalar(Float(F32)), elem_out: Scalar(Float(F32)), matrix_layout_lhs: Contiguous, matrix_layout_rhs: MildlyPermuted { transposed: true, batch_swap: false } }, Analysis: MatmulAutotuneAnalysis { scale_global: Large, kind: General }
2026-02-27T10:18:51.901040Z  INFO cubecl_runtime::tune::tuner: Tuning MatmulAutotuneKey - Definition: MatmulProblemDefinition { m: 8192, n: 256, k: 16, lhs_pow2_factor: 4, lhs_stride_factor: 10, rhs_pow2_factor: 4, rhs_stride_factor: 10, elem_lhs: Scalar(Float(F32)), elem_rhs: Scalar(Float(F32)), elem_out: Scalar(Float(F32)), matrix_layout_lhs: MildlyPermuted { transposed: true, batch_swap: false }, matrix_layout_rhs: Contiguous }, Analysis: MatmulAutotuneAnalysis { scale_global: Large, kind: General }
2026-02-27T10:18:56.190073Z  INFO cubecl_runtime::tune::tune_cache: Load autotune cache ...
2026-02-27T10:18:56.190216Z  INFO cubecl_runtime::tune::tune_cache: Loaded 0 autotune cached entries
2026-02-27T10:18:56.190273Z  INFO cubecl_runtime::tune::tuner: Tuning ConvTranspose2dAutotuneKey { kernel_size: [3, 3], stride: [1, 1], padding: [1, 1], padding_out: [0, 0], dilation: [1, 1], groups: 1, in_channels: 128, out_channels: 128, height: 256, width: 256, batch_size: 16, has_bias: false, dtype: F32 }
2026-02-27T10:19:26.400117Z  INFO cubecl_runtime::tune::tuner: Tuning MatmulAutotuneKey - Definition: MatmulProblemDefinition { m: 1024, n: 1048576, k: 128, lhs_pow2_factor: 4, lhs_stride_factor: 9, rhs_pow2_factor: 4, rhs_stride_factor: 10, elem_lhs: Scalar(Float(F32)), elem_rhs: Scalar(Float(F32)), elem_out: Scalar(Float(F32)), matrix_layout_lhs: Contiguous, matrix_layout_rhs: Contiguous }, Analysis: MatmulAutotuneAnalysis { scale_global: Large, kind: General }
2026-02-27T10:22:33.510147Z  INFO cubecl_runtime::tune::tuner: Tuning ConvAutotuneKey { kernel_size: [224, 224], stride: [1, 1], padding: [1, 1], dilation: [1, 1], groups: 1, in_channels: 16, out_channels: 128, shape: [256, 256], batch_size: 64, has_bias: false, dtype: F32, lhs_shape_align: 0, lhs_stride_align: 0, rhs_shape_align: 0, rhs_stride_align: 0 }
2026-02-27T10:22:55.748718Z  INFO cubecl_runtime::tune::tuner: Tuning ReduceAutotuneKey - ElemInput: Float(F32), ElemOutput: Float(F32), ElemAcc: Float(F32), AxisIsContiguous: true, VectorSize: 1024, VectorCount: 512
2026-02-27T10:23:12.958826Z  INFO cubecl_runtime::tune::tuner: Tuning ConvTranspose2dAutotuneKey { kernel_size: [3, 3], stride: [1, 1], padding: [1, 1], padding_out: [0, 0], dilation: [1, 1], groups: 1, in_channels: 64, out_channels: 64, height: 256, width: 256, batch_size: 16, has_bias: false, dtype: F32 }
2026-02-27T10:23:18.623422Z  INFO cubecl_runtime::tune::tuner: Tuning MatmulAutotuneKey - Definition: MatmulProblemDefinition { m: 512, n: 1048576, k: 64, lhs_pow2_factor: 4, lhs_stride_factor: 8, rhs_pow2_factor: 4, rhs_stride_factor: 10, elem_lhs: Scalar(Float(F32)), elem_rhs: Scalar(Float(F32)), elem_out: Scalar(Float(F32)), matrix_layout_lhs: Contiguous, matrix_layout_rhs: Contiguous }, Analysis: MatmulAutotuneAnalysis { scale_global: Large, kind: General }
2026-02-27T10:24:42.868513Z  INFO cubecl_runtime::tune::tuner: Tuning ConvAutotuneKey { kernel_size: [224, 224], stride: [1, 1], padding: [1, 1], dilation: [1, 1], groups: 1, in_channels: 16, out_channels: 64, shape: [256, 256], batch_size: 32, has_bias: false, dtype: F32, lhs_shape_align: 0, lhs_stride_align: 0, rhs_shape_align: 0, rhs_stride_align: 0 }
2026-02-27T10:24:45.969417Z  INFO cubecl_runtime::tune::tuner: Tuning ReduceAutotuneKey - ElemInput: Float(F32), ElemOutput: Float(F32), ElemAcc: Float(F32), AxisIsContiguous: true, VectorSize: 1024, VectorCount: 64
2026-02-27T10:24:47.436360Z  INFO cubecl_runtime::tune::tuner: Tuning ConvAutotuneKey { kernel_size: [224, 224], stride: [1, 1], padding: [1, 1], dilation: [1, 1], groups: 1, in_channels: 16, out_channels: 32, shape: [256, 256], batch_size: 4, has_bias: false, dtype: F32, lhs_shape_align: 0, lhs_stride_align: 0, rhs_shape_align: 0, rhs_stride_align: 0 }
2026-02-27T10:24:49.198148Z  INFO burn_train::learner::supervised::strategies::single::epoch: Iteration 2
2026-02-27T10:24:49.439825Z  INFO burn_train::learner::supervised::strategies::single::epoch: Iteration 3
2026-02-27T10:24:49.505548Z  INFO burn_train::learner::supervised::strategies::single::epoch: Iteration 4
2026-02-27T10:24:59.015551Z  INFO burn_train::learner::supervised::strategies::single::epoch: Iteration 5
2026-02-27T10:25:18.568466Z  INFO burn_train::learner::supervised::strategies::single::epoch: Iteration 6
2026-02-27T10:25:28.514184Z  INFO burn_train::learner::supervised::strategies::single::epoch: Iteration 7
2026-02-27T10:25:38.196538Z  INFO burn_train::learner::supervised::strategies::single::epoch: Iteration 8
2026-02-27T10:25:48.058658Z  INFO burn_train::learner::supervised::strategies::single::epoch: Iteration 9
2026-02-27T10:25:57.778532Z  INFO burn_train::learner::supervised::strategies::single::epoch: Iteration 10
2026-02-27T10:26:07.729870Z  INFO burn_train::learner::supervised::strategies::single::epoch: Iteration 11
2026-02-27T10:26:17.386805Z  INFO burn_train::learner::supervised::strategies::single::epoch: Iteration 12
2026-02-27T10:26:27.246514Z  INFO burn_train::learner::supervised::strategies::single::epoch: Iteration 13
2026-02-27T10:26:37.153533Z  INFO burn_train::learner::supervised::strategies::single::epoch: Iteration 14
2026-02-27T10:26:46.791412Z  INFO burn_train::learner::supervised::strategies::single::epoch: Iteration 15
2026-02-27T10:26:56.587463Z  INFO burn_train::learner::supervised::strategies::single::epoch: Iteration 16
2026-02-27T10:27:06.385704Z  INFO burn_train::learner::supervised::strategies::single::epoch: Iteration 17
2026-02-27T10:27:16.187048Z  INFO burn_train::learner::supervised::strategies::single::epoch: Iteration 18
2026-02-27T10:27:49.527103Z  INFO burn_train::learner::supervised::strategies::single::epoch: Iteration 19
2026-02-27T10:27:57.842502Z  INFO burn_train::learner::supervised::strategies::single::epoch: Iteration 20
2026-02-27T10:28:12.074326Z  INFO burn_train::learner::supervised::strategies::single::epoch: Iteration 21
2026-02-27T10:28:17.503650Z  INFO burn_train::learner::supervised::strategies::single::epoch: Iteration 22
2026-02-27T10:28:53.253180Z  INFO burn_train::learner::supervised::strategies::single::epoch: Iteration 23
2026-02-27T10:29:07.841047Z  INFO burn_train::learner::supervised::strategies::single::epoch: Iteration 24
2026-02-27T10:29:10.911281Z  INFO burn_train::learner::supervised::strategies::single::epoch: Iteration 25
2026-02-27T10:29:25.422571Z  INFO burn_train::learner::supervised::strategies::single::epoch: Iteration 26
2026-02-27T10:30:06.913045Z  INFO burn_train::learner::supervised::strategies::single::epoch: Iteration 27
2026-02-27T10:30:13.670552Z  INFO burn_train::learner::supervised::strategies::single::epoch: Iteration 28
2026-02-27T10:30:19.851757Z  INFO burn_train::learner::supervised::strategies::single::epoch: Iteration 29
2026-02-27T10:30:26.446349Z  INFO burn_train::learner::supervised::strategies::single::epoch: Iteration 30
2026-02-27T10:31:00.808065Z  INFO burn_train::learner::supervised::strategies::single::epoch: Iteration 31
2026-02-27T10:31:24.470414Z  INFO burn_train::learner::supervised::strategies::single::epoch: Iteration 32
2026-02-27T10:31:36.148925Z  INFO burn_train::learner::supervised::strategies::single::epoch: Iteration 33
2026-02-27T10:31:41.914491Z  INFO burn_train::learner::supervised::strategies::single::epoch: Iteration 34
2026-02-27T10:31:45.995561Z  INFO burn_train::learner::supervised::strategies::single::epoch: Iteration 35
2026-02-27T10:32:31.927234Z  INFO burn_train::learner::supervised::strategies::single::epoch: Iteration 36
2026-02-27T10:32:33.328118Z  INFO burn_train::learner::supervised::strategies::single::epoch: Iteration 37
2026-02-27T10:32:42.422586Z  INFO burn_train::learner::supervised::strategies::single::epoch: Iteration 38
2026-02-27T10:32:55.842687Z  INFO burn_train::learner::supervised::strategies::single::epoch: Iteration 39
2026-02-27T10:33:08.419163Z  INFO burn_train::learner::supervised::strategies::single::epoch: Iteration 40
2026-02-27T10:33:32.145142Z  INFO burn_train::learner::supervised::strategies::single::epoch: Iteration 41
2026-02-27T10:33:37.295744Z  INFO burn_train::learner::supervised::strategies::single::epoch: Iteration 42
2026-02-27T10:33:38.421947Z  INFO burn_train::learner::supervised::strategies::single::epoch: Iteration 43
2026-02-27T10:34:03.995113Z  INFO burn_train::learner::supervised::strategies::single::epoch: Iteration 44
2026-02-27T10:34:21.697522Z  INFO burn_train::learner::supervised::strategies::single::epoch: Iteration 45
2026-02-27T10:34:24.845657Z  INFO burn_train::learner::supervised::strategies::single::epoch: Iteration 46
2026-02-27T10:34:53.452704Z  INFO burn_train::learner::supervised::strategies::single::epoch: Iteration 47
2026-02-27T10:35:07.648007Z  INFO burn_train::learner::supervised::strategies::single::epoch: Iteration 48
2026-02-27T10:35:19.686886Z  INFO burn_train::learner::supervised::strategies::single::epoch: Iteration 49
2026-02-27T10:35:37.520599Z  INFO burn_train::learner::supervised::strategies::single::epoch: Iteration 50
2026-02-27T10:36:06.930565Z  INFO burn_train::learner::supervised::strategies::single::epoch: Iteration 51
2026-02-27T10:36:22.195438Z  INFO burn_train::learner::supervised::strategies::single::epoch: Iteration 52
2026-02-27T10:36:23.260285Z  INFO burn_train::learner::supervised::strategies::single::epoch: Iteration 53
2026-02-27T10:36:48.196863Z  INFO burn_train::learner::supervised::strategies::single::epoch: Iteration 54
2026-02-27T10:37:01.179307Z  INFO burn_train::learner::supervised::strategies::single::epoch: Iteration 55
2026-02-27T10:37:06.295814Z  INFO burn_train::learner::supervised::strategies::single::epoch: Iteration 56
2026-02-27T10:37:36.659015Z  INFO burn_train::learner::supervised::strategies::single::epoch: Iteration 57
2026-02-27T10:37:43.425976Z  INFO burn_train::learner::supervised::strategies::single::epoch: Iteration 58
2026-02-27T10:38:14.113555Z  INFO burn_train::learner::supervised::strategies::single::epoch: Iteration 59
2026-02-27T10:38:26.558385Z  INFO burn_train::learner::supervised::strategies::single::epoch: Iteration 60
2026-02-27T10:38:38.480507Z  INFO burn_train::learner::supervised::strategies::single::epoch: Iteration 61
2026-02-27T10:39:04.690341Z  INFO burn_train::learner::supervised::strategies::single::epoch: Iteration 62
2026-02-27T10:39:33.500635Z  INFO burn_train::learner::supervised::strategies::single::epoch: Iteration 63
2026-02-27T10:39:36.640648Z  INFO burn_train::learner::supervised::strategies::single::epoch: Iteration 64
2026-02-27T10:39:38.398346Z  INFO burn_train::learner::supervised::strategies::single::epoch: Iteration 65
2026-02-27T10:39:46.688603Z  INFO burn_train::learner::supervised::strategies::single::epoch: Iteration 66
2026-02-27T10:40:30.184699Z  INFO burn_train::learner::supervised::strategies::single::epoch: Iteration 67
2026-02-27T10:40:36.363926Z  INFO burn_train::learner::supervised::strategies::single::epoch: Iteration 68
2026-02-27T10:40:48.067783Z  INFO burn_train::learner::supervised::strategies::single::epoch: Iteration 69
2026-02-27T10:40:48.449885Z  INFO burn_train::learner::supervised::strategies::single::epoch: Iteration 70
2026-02-27T10:41:20.362401Z  INFO burn_train::learner::supervised::strategies::single::epoch: Iteration 71
2026-02-27T10:41:26.833325Z  INFO burn_train::learner::supervised::strategies::single::epoch: Iteration 72
2026-02-27T10:41:48.881823Z  INFO burn_train::learner::supervised::strategies::single::epoch: Iteration 73
2026-02-27T10:42:05.820136Z  INFO burn_train::learner::supervised::strategies::single::epoch: Iteration 74
2026-02-27T10:42:37.432431Z  INFO burn_train::learner::supervised::strategies::single::epoch: Iteration 75
2026-02-27T10:42:41.895425Z  INFO burn_train::learner::supervised::strategies::single::epoch: Iteration 76
2026-02-27T10:42:59.698171Z  INFO burn_train::learner::supervised::strategies::single::epoch: Iteration 77
2026-02-27T10:43:13.011347Z  INFO burn_train::learner::supervised::strategies::single::epoch: Iteration 78
2026-02-27T10:43:47.793970Z  INFO burn_train::learner::supervised::strategies::single::epoch: Iteration 79
2026-02-27T10:44:06.180680Z  INFO burn_train::learner::supervised::strategies::single::epoch: Iteration 80
2026-02-27T10:44:10.506347Z  INFO burn_train::learner::supervised::strategies::single::epoch: Iteration 81
2026-02-27T10:44:26.115413Z  INFO burn_train::learner::supervised::strategies::single::epoch: Iteration 82
2026-02-27T10:45:03.807522Z  INFO burn_train::learner::supervised::strategies::single::epoch: Iteration 83
2026-02-27T10:45:20.028576Z  INFO burn_train::learner::supervised::strategies::single::epoch: Iteration 84
2026-02-27T10:45:24.799321Z  INFO burn_train::learner::supervised::strategies::single::epoch: Iteration 85
2026-02-27T10:45:49.085637Z  INFO burn_train::learner::supervised::strategies::single::epoch: Iteration 86
2026-02-27T10:45:55.276279Z  INFO burn_train::learner::supervised::strategies::single::epoch: Iteration 87
2026-02-27T10:46:08.761031Z  INFO burn_train::learner::supervised::strategies::single::epoch: Iteration 88
2026-02-27T10:46:22.573415Z  INFO burn_train::learner::supervised::strategies::single::epoch: Iteration 89
2026-02-27T10:46:41.425215Z  INFO burn_train::learner::supervised::strategies::single::epoch: Iteration 90
2026-02-27T10:46:52.159654Z  INFO burn_train::learner::supervised::strategies::single::epoch: Iteration 91
2026-02-27T10:47:21.244786Z  INFO burn_train::learner::supervised::strategies::single::epoch: Iteration 92
2026-02-27T10:47:47.625393Z  INFO burn_train::learner::supervised::strategies::single::epoch: Iteration 93
2026-02-27T10:48:14.160482Z  INFO burn_train::learner::supervised::strategies::single::epoch: Iteration 94
2026-02-27T10:48:29.529671Z  INFO burn_train::learner::supervised::strategies::single::epoch: Iteration 95
2026-02-27T10:48:29.824544Z  INFO burn_train::learner::supervised::strategies::single::epoch: Iteration 96
2026-02-27T10:48:56.093562Z  INFO burn_train::learner::supervised::strategies::single::epoch: Iteration 97
2026-02-27T10:49:23.383451Z  INFO burn_train::learner::supervised::strategies::single::epoch: Iteration 98
2026-02-27T10:49:25.594113Z  INFO burn_train::learner::supervised::strategies::single::epoch: Iteration 99
2026-02-27T10:49:27.213044Z  INFO burn_train::learner::supervised::strategies::single::epoch: Iteration 100
2026-02-27T10:50:06.095891Z  INFO burn_train::learner::supervised::strategies::single::epoch: Iteration 101
2026-02-27T10:50:12.317128Z  INFO burn_train::learner::supervised::strategies::single::epoch: Iteration 102
2026-02-27T10:50:14.682838Z  INFO burn_train::learner::supervised::strategies::single::epoch: Iteration 103
2026-02-27T10:50:25.741365Z  INFO burn_train::learner::supervised::strategies::single::epoch: Iteration 104
2026-02-27T10:51:01.906142Z  INFO burn_train::learner::supervised::strategies::single::epoch: Iteration 105
2026-02-27T10:51:21.096973Z  INFO burn_train::learner::supervised::strategies::single::epoch: Iteration 106
2026-02-27T10:51:32.100512Z  INFO burn_train::learner::supervised::strategies::single::epoch: Iteration 107
2026-02-27T10:52:04.157904Z  INFO burn_train::learner::supervised::strategies::single::epoch: Iteration 108
2026-02-27T10:52:22.736238Z  INFO burn_train::learner::supervised::strategies::single::epoch: Iteration 109
2026-02-27T10:52:33.555157Z  INFO burn_train::learner::supervised::strategies::single::epoch: Iteration 110
2026-02-27T10:52:39.863807Z  INFO burn_train::learner::supervised::strategies::single::epoch: Iteration 111
2026-02-27T10:52:48.908863Z  INFO burn_train::learner::supervised::strategies::single::epoch: Iteration 112
2026-02-27T10:53:28.711104Z  INFO burn_train::learner::supervised::strategies::single::epoch: Iteration 113
2026-02-27T10:53:33.742999Z  INFO burn_train::learner::supervised::strategies::single::epoch: Iteration 114
2026-02-27T10:53:42.389498Z  INFO burn_train::learner::supervised::strategies::single::epoch: Iteration 115
2026-02-27T10:53:48.296602Z  INFO burn_train::learner::supervised::strategies::single::epoch: Iteration 116
2026-02-27T10:54:22.719445Z  INFO burn_train::learner::supervised::strategies::single::epoch: Iteration 117
2026-02-27T10:54:26.150452Z  INFO burn_train::learner::supervised::strategies::single::epoch: Iteration 118
2026-02-27T10:54:57.784495Z  INFO burn_train::learner::supervised::strategies::single::epoch: Iteration 119
2026-02-27T10:55:11.367647Z  INFO burn_train::learner::supervised::strategies::single::epoch: Iteration 120
2026-02-27T10:55:13.482466Z  INFO burn_train::learner::supervised::strategies::single::epoch: Iteration 121
2026-02-27T10:55:28.465677Z  INFO burn_train::learner::supervised::strategies::single::epoch: Iteration 122
2026-02-27T10:56:04.363626Z  INFO burn_train::learner::supervised::strategies::single::epoch: Iteration 123
2026-02-27T10:56:10.759361Z  INFO burn_train::learner::supervised::strategies::single::epoch: Iteration 124
2026-02-27T10:56:22.788958Z  INFO burn_train::learner::supervised::strategies::single::epoch: Iteration 125
2026-02-27T10:56:52.241389Z  INFO burn_train::learner::supervised::strategies::single::epoch: Iteration 126
2026-02-27T10:56:55.622222Z  INFO burn_train::learner::supervised::strategies::single::epoch: Iteration 127
2026-02-27T10:57:07.572971Z  INFO burn_train::learner::supervised::strategies::single::epoch: Iteration 128
2026-02-27T10:57:24.892352Z  INFO burn_train::learner::supervised::strategies::single::epoch: Iteration 129
2026-02-27T10:57:42.132604Z  INFO burn_train::learner::supervised::strategies::single::epoch: Iteration 130
2026-02-27T10:58:08.545606Z  INFO burn_train::learner::supervised::strategies::single::epoch: Iteration 131
2026-02-27T10:58:24.359774Z  INFO burn_train::learner::supervised::strategies::single::epoch: Iteration 132
2026-02-27T10:58:37.966582Z  INFO burn_train::learner::supervised::strategies::single::epoch: Iteration 133
2026-02-27T10:58:49.329749Z  INFO burn_train::learner::supervised::strategies::single::epoch: Iteration 134
2026-02-27T10:58:54.553497Z  INFO burn_train::learner::supervised::strategies::single::epoch: Iteration 135
2026-02-27T10:59:26.186805Z  INFO burn_train::learner::supervised::strategies::single::epoch: Iteration 136
2026-02-27T11:00:02.455363Z  INFO burn_train::learner::supervised::strategies::single::epoch: Iteration 137
2026-02-27T11:00:05.820428Z  INFO burn_train::learner::supervised::strategies::single::epoch: Iteration 138
2026-02-27T11:00:10.575496Z  INFO burn_train::learner::supervised::strategies::single::epoch: Iteration 139
2026-02-27T11:00:16.189546Z  INFO burn_train::learner::supervised::strategies::single::epoch: Iteration 140
2026-02-27T11:00:53.175319Z  INFO burn_train::learner::supervised::strategies::single::epoch: Iteration 141
2026-02-27T11:01:03.042848Z  INFO burn_train::learner::supervised::strategies::single::epoch: Iteration 142
2026-02-27T11:01:17.303992Z  INFO burn_train::learner::supervised::strategies::single::epoch: Iteration 143
2026-02-27T11:01:22.325658Z  INFO burn_train::learner::supervised::strategies::single::epoch: Iteration 144
2026-02-27T11:02:01.649040Z  INFO burn_train::learner::supervised::strategies::single::epoch: Iteration 145
2026-02-27T11:02:02.263107Z  INFO burn_train::learner::supervised::strategies::single::epoch: Iteration 146
2026-02-27T11:02:10.111436Z  INFO burn_train::learner::supervised::strategies::single::epoch: Iteration 147
2026-02-27T11:02:34.086836Z  INFO burn_train::learner::supervised::strategies::single::epoch: Iteration 148
2026-02-27T11:02:54.890650Z  INFO burn_train::learner::supervised::strategies::single::epoch: Iteration 149
2026-02-27T11:03:04.459532Z  INFO burn_train::learner::supervised::strategies::single::epoch: Iteration 150
2026-02-27T11:03:10.224716Z  INFO burn_train::learner::supervised::strategies::single::epoch: Iteration 151
2026-02-27T11:03:40.761877Z  INFO burn_train::learner::supervised::strategies::single::epoch: Iteration 152
2026-02-27T11:03:58.543727Z  INFO burn_train::learner::supervised::strategies::single::epoch: Iteration 153
2026-02-27T11:04:06.002151Z  INFO burn_train::learner::supervised::strategies::single::epoch: Iteration 154
2026-02-27T11:04:20.371776Z  INFO burn_train::learner::supervised::strategies::single::epoch: Iteration 155
2026-02-27T11:04:33.840371Z  INFO burn_train::learner::supervised::strategies::single::epoch: Iteration 156
2026-02-27T11:04:35.679365Z  INFO burn_train::learner::supervised::strategies::single::epoch: Iteration 157
2026-02-27T11:05:17.633705Z  INFO burn_train::learner::supervised::strategies::single::epoch: Iteration 158
2026-02-27T11:05:26.271336Z  INFO burn_train::learner::supervised::strategies::single::epoch: Iteration 159
2026-02-27T11:05:41.642781Z  INFO burn_train::learner::supervised::strategies::single::epoch: Iteration 160
2026-02-27T11:05:50.794233Z  INFO burn_train::learner::supervised::strategies::single::epoch: Iteration 161
2026-02-27T11:06:42.376202Z  INFO burn_train::learner::supervised::strategies::single::epoch: Iteration 162
2026-02-27T11:06:51.746521Z  INFO burn_train::learner::supervised::strategies::single::epoch: Iteration 163
2026-02-27T11:06:58.931977Z  INFO burn_train::learner::supervised::strategies::single::epoch: Iteration 164
2026-02-27T11:07:43.938832Z  INFO burn_train::learner::supervised::strategies::single::epoch: Iteration 165
2026-02-27T11:07:48.576975Z  INFO burn_train::learner::supervised::strategies::single::epoch: Iteration 166
2026-02-27T11:07:55.481894Z  INFO burn_train::learner::supervised::strategies::single::epoch: Iteration 167
2026-02-27T11:08:08.212386Z  INFO burn_train::learner::supervised::strategies::single::epoch: Iteration 168
2026-02-27T11:08:35.665688Z  INFO burn_train::learner::supervised::strategies::single::epoch: Iteration 169
2026-02-27T11:08:39.917531Z  INFO burn_train::learner::supervised::strategies::single::epoch: Iteration 170
2026-02-27T11:09:33.117151Z  INFO burn_train::learner::supervised::strategies::single::epoch: Iteration 171
2026-02-27T11:09:34.618069Z  INFO burn_train::learner::supervised::strategies::single::epoch: Iteration 172
2026-02-27T11:09:34.871338Z  INFO burn_train::learner::supervised::strategies::single::epoch: Iteration 173
2026-02-27T11:09:43.117802Z  INFO burn_train::learner::supervised::strategies::single::epoch: Iteration 174
2026-02-27T11:10:10.577776Z  INFO burn_train::learner::supervised::strategies::single::epoch: Iteration 175
2026-02-27T11:10:37.938013Z  INFO burn_train::learner::supervised::strategies::single::epoch: Iteration 176
2026-02-27T11:10:38.026419Z  INFO burn_train::learner::supervised::strategies::single::epoch: Iteration 177
2026-02-27T11:11:00.132800Z  INFO burn_train::learner::supervised::strategies::single::epoch: Iteration 178
2026-02-27T11:11:02.131576Z  INFO burn_train::learner::supervised::strategies::single::epoch: Iteration 179
2026-02-27T11:11:05.208437Z  INFO burn_train::learner::supervised::strategies::single::epoch: Iteration 180
2026-02-27T11:11:05.208811Z  INFO cubecl_runtime::tune::tuner: Tuning ConvAutotuneKey { kernel_size: [3, 3], stride: [1, 1], padding: [1, 1], dilation: [1, 1], groups: 1, in_channels: 4, out_channels: 32, shape: [256, 256], batch_size: 1, has_bias: true, dtype: F32, lhs_shape_align: 0, lhs_stride_align: 0, rhs_shape_align: 0, rhs_stride_align: 0 }
2026-02-27T11:11:19.911468Z  INFO cubecl_runtime::tune::tuner: Tuning ConvAutotuneKey { kernel_size: [3, 3], stride: [1, 1], padding: [1, 1], dilation: [1, 1], groups: 1, in_channels: 32, out_channels: 64, shape: [256, 256], batch_size: 1, has_bias: true, dtype: F32, lhs_shape_align: 0, lhs_stride_align: 0, rhs_shape_align: 0, rhs_stride_align: 0 }
2026-02-27T11:11:20.006808Z  INFO cubecl_runtime::tune::tuner: Tuning ConvAutotuneKey { kernel_size: [3, 3], stride: [1, 1], padding: [1, 1], dilation: [1, 1], groups: 1, in_channels: 64, out_channels: 128, shape: [256, 256], batch_size: 1, has_bias: true, dtype: F32, lhs_shape_align: 0, lhs_stride_align: 0, rhs_shape_align: 0, rhs_stride_align: 0 }
2026-02-27T11:11:20.606032Z  INFO cubecl_runtime::tune::tuner: Tuning FusedMatmulAutotuneKey - MatmulKey: MatmulAutotuneKey { definition: MatmulProblemDefinition { m: 1, n: 256, k: 8192, lhs_pow2_factor: 4, lhs_stride_factor: 10, rhs_pow2_factor: 4, rhs_stride_factor: 10, elem_lhs: Scalar(Float(F32)), elem_rhs: Scalar(Float(F32)), elem_out: Scalar(Float(F32)), matrix_layout_lhs: Contiguous, matrix_layout_rhs: Contiguous }, analysis: MatmulAutotuneAnalysis { scale_global: Large, kind: VecMat } }, NumOutBuffers: 2, NumOps: 8
2026-02-27T11:11:20.606423Z  INFO cubecl_runtime::tune::tuner: Tuning MatmulAutotuneKey - Definition: MatmulProblemDefinition { m: 1, n: 256, k: 8192, lhs_pow2_factor: 4, lhs_stride_factor: 10, rhs_pow2_factor: 4, rhs_stride_factor: 10, elem_lhs: Scalar(Float(F32)), elem_rhs: Scalar(Float(F32)), elem_out: Scalar(Float(F32)), matrix_layout_lhs: Contiguous, matrix_layout_rhs: Contiguous }, Analysis: MatmulAutotuneAnalysis { scale_global: Large, kind: VecMat }
2026-02-27T11:11:20.958947Z  INFO cubecl_runtime::tune::tuner: Tuning FusedMatmulAutotuneKey - MatmulKey: MatmulAutotuneKey { definition: MatmulProblemDefinition { m: 1, n: 1, k: 256, lhs_pow2_factor: 4, lhs_stride_factor: 10, rhs_pow2_factor: 0, rhs_stride_factor: 2, elem_lhs: Scalar(Float(F32)), elem_rhs: Scalar(Float(F32)), elem_out: Scalar(Float(F32)), matrix_layout_lhs: Contiguous, matrix_layout_rhs: Contiguous }, analysis: MatmulAutotuneAnalysis { scale_global: Small, kind: InnerProduct } }, NumOutBuffers: 4, NumOps: 16
2026-02-27T11:11:20.959375Z  INFO cubecl_runtime::tune::tuner: Tuning MatmulAutotuneKey - Definition: MatmulProblemDefinition { m: 1, n: 1, k: 256, lhs_pow2_factor: 4, lhs_stride_factor: 10, rhs_pow2_factor: 0, rhs_stride_factor: 2, elem_lhs: Scalar(Float(F32)), elem_rhs: Scalar(Float(F32)), elem_out: Scalar(Float(F32)), matrix_layout_lhs: Contiguous, matrix_layout_rhs: Contiguous }, Analysis: MatmulAutotuneAnalysis { scale_global: Small, kind: InnerProduct }
2026-02-27T11:11:21.090051Z  INFO cubecl_runtime::tune::tuner: Tuning SumAutotuneKey { dtype: F32, length: 1 }
2026-02-27T11:11:21.286859Z  INFO cubecl_runtime::tune::tuner: Tuning MatmulAutotuneKey - Definition: MatmulProblemDefinition { m: 1, n: 256, k: 1, lhs_pow2_factor: 0, lhs_stride_factor: 2, rhs_pow2_factor: 4, rhs_stride_factor: 2, elem_lhs: Scalar(Float(F32)), elem_rhs: Scalar(Float(F32)), elem_out: Scalar(Float(F32)), matrix_layout_lhs: Contiguous, matrix_layout_rhs: Contiguous }, Analysis: MatmulAutotuneAnalysis { scale_global: Small, kind: ScalarVec }
2026-02-27T11:11:21.728907Z  INFO cubecl_runtime::tune::tuner: Tuning MatmulAutotuneKey - Definition: MatmulProblemDefinition { m: 256, n: 1, k: 1, lhs_pow2_factor: 4, lhs_stride_factor: 10, rhs_pow2_factor: 0, rhs_stride_factor: 2, elem_lhs: Scalar(Float(F32)), elem_rhs: Scalar(Float(F32)), elem_out: Scalar(Float(F32)), matrix_layout_lhs: MildlyPermuted { transposed: true, batch_swap: false }, matrix_layout_rhs: Contiguous }, Analysis: MatmulAutotuneAnalysis { scale_global: Small, kind: VecScalar }
2026-02-27T11:11:21.845160Z  INFO cubecl_runtime::tune::tuner: Tuning MatmulAutotuneKey - Definition: MatmulProblemDefinition { m: 1, n: 8192, k: 256, lhs_pow2_factor: 4, lhs_stride_factor: 10, rhs_pow2_factor: 4, rhs_stride_factor: 10, elem_lhs: Scalar(Float(F32)), elem_rhs: Scalar(Float(F32)), elem_out: Scalar(Float(F32)), matrix_layout_lhs: Contiguous, matrix_layout_rhs: MildlyPermuted { transposed: true, batch_swap: false } }, Analysis: MatmulAutotuneAnalysis { scale_global: Large, kind: VecMat }
2026-02-27T11:11:22.085065Z  INFO cubecl_runtime::tune::tuner: Tuning MatmulAutotuneKey - Definition: MatmulProblemDefinition { m: 8192, n: 256, k: 1, lhs_pow2_factor: 4, lhs_stride_factor: 10, rhs_pow2_factor: 4, rhs_stride_factor: 10, elem_lhs: Scalar(Float(F32)), elem_rhs: Scalar(Float(F32)), elem_out: Scalar(Float(F32)), matrix_layout_lhs: MildlyPermuted { transposed: true, batch_swap: false }, matrix_layout_rhs: Contiguous }, Analysis: MatmulAutotuneAnalysis { scale_global: Large, kind: OuterProduct }
2026-02-27T11:11:22.173691Z  INFO cubecl_runtime::tune::tuner: Tuning ConvTranspose2dAutotuneKey { kernel_size: [3, 3], stride: [1, 1], padding: [1, 1], padding_out: [0, 0], dilation: [1, 1], groups: 1, in_channels: 128, out_channels: 128, height: 256, width: 256, batch_size: 1, has_bias: false, dtype: F32 }
2026-02-27T11:11:23.443151Z  INFO cubecl_runtime::tune::tuner: Tuning MatmulAutotuneKey - Definition: MatmulProblemDefinition { m: 1024, n: 65536, k: 128, lhs_pow2_factor: 4, lhs_stride_factor: 9, rhs_pow2_factor: 4, rhs_stride_factor: 10, elem_lhs: Scalar(Float(F32)), elem_rhs: Scalar(Float(F32)), elem_out: Scalar(Float(F32)), matrix_layout_lhs: Contiguous, matrix_layout_rhs: Contiguous }, Analysis: MatmulAutotuneAnalysis { scale_global: Large, kind: General }
2026-02-27T11:11:25.004705Z  INFO cubecl_runtime::tune::tuner: Tuning ConvAutotuneKey { kernel_size: [224, 224], stride: [1, 1], padding: [1, 1], dilation: [1, 1], groups: 1, in_channels: 1, out_channels: 128, shape: [256, 256], batch_size: 64, has_bias: false, dtype: F32, lhs_shape_align: 0, lhs_stride_align: 0, rhs_shape_align: 0, rhs_stride_align: 0 }
2026-02-27T11:11:37.844199Z  INFO cubecl_runtime::tune::tuner: Tuning ConvTranspose2dAutotuneKey { kernel_size: [3, 3], stride: [1, 1], padding: [1, 1], padding_out: [0, 0], dilation: [1, 1], groups: 1, in_channels: 64, out_channels: 64, height: 256, width: 256, batch_size: 1, has_bias: false, dtype: F32 }
2026-02-27T11:11:39.342943Z  INFO cubecl_runtime::tune::tuner: Tuning MatmulAutotuneKey - Definition: MatmulProblemDefinition { m: 512, n: 65536, k: 64, lhs_pow2_factor: 4, lhs_stride_factor: 8, rhs_pow2_factor: 4, rhs_stride_factor: 10, elem_lhs: Scalar(Float(F32)), elem_rhs: Scalar(Float(F32)), elem_out: Scalar(Float(F32)), matrix_layout_lhs: Contiguous, matrix_layout_rhs: Contiguous }, Analysis: MatmulAutotuneAnalysis { scale_global: Large, kind: General }
2026-02-27T11:11:39.482309Z  INFO cubecl_runtime::tune::tuner: Tuning ConvAutotuneKey { kernel_size: [224, 224], stride: [1, 1], padding: [1, 1], dilation: [1, 1], groups: 1, in_channels: 1, out_channels: 64, shape: [256, 256], batch_size: 32, has_bias: false, dtype: F32, lhs_shape_align: 0, lhs_stride_align: 0, rhs_shape_align: 0, rhs_stride_align: 0 }
2026-02-27T11:11:39.798999Z  INFO cubecl_runtime::tune::tuner: Tuning ConvAutotuneKey { kernel_size: [224, 224], stride: [1, 1], padding: [1, 1], dilation: [1, 1], groups: 1, in_channels: 1, out_channels: 32, shape: [256, 256], batch_size: 4, has_bias: false, dtype: F32, lhs_shape_align: 0, lhs_stride_align: 0, rhs_shape_align: 0, rhs_stride_align: 0 }
2026-02-27T11:11:43.662588Z  INFO burn_train::learner::supervised::strategies::single::epoch: Iteration 181
2026-02-27T11:11:44.180747Z  INFO burn_train::learner::supervised::strategies::single::epoch: Iteration 182
2026-02-27T11:11:55.447422Z  INFO burn_train::learner::supervised::strategies::single::epoch: Iteration 183
2026-02-27T11:12:30.690928Z  INFO burn_train::learner::supervised::strategies::single::epoch: Iteration 184
2026-02-27T11:12:53.622453Z  INFO burn_train::learner::supervised::strategies::single::epoch: Iteration 185
2026-02-27T11:12:54.398581Z  INFO burn_train::learner::supervised::strategies::single::epoch: Iteration 186
2026-02-27T11:13:08.609373Z  INFO burn_train::learner::supervised::strategies::single::epoch: Iteration 187
2026-02-27T11:13:44.550267Z  INFO burn_train::learner::supervised::strategies::single::epoch: Iteration 188
2026-02-27T11:14:44.521344Z  INFO burn_train::learner::supervised::strategies::single::epoch: Iteration 189
2026-02-27T11:15:35.898551Z  INFO burn_train::learner::supervised::strategies::single::epoch: Iteration 190
2026-02-27T11:15:35.959977Z  INFO burn_train::learner::supervised::strategies::single::epoch: Executing validation step for epoch 1
2026-02-27T11:16:14.076217Z  INFO cubecl_runtime::tune::tuner: Tuning FusedMatmulAutotuneKey - MatmulKey: MatmulAutotuneKey { definition: MatmulProblemDefinition { m: 16, n: 256, k: 8192, lhs_pow2_factor: 4, lhs_stride_factor: 10, rhs_pow2_factor: 4, rhs_stride_factor: 10, elem_lhs: Scalar(Float(F32)), elem_rhs: Scalar(Float(F32)), elem_out: Scalar(Float(F32)), matrix_layout_lhs: Contiguous, matrix_layout_rhs: Contiguous }, analysis: MatmulAutotuneAnalysis { scale_global: Large, kind: General } }, NumOutBuffers: 1, NumOps: 8
2026-02-27T11:16:17.001888Z  INFO cubecl_runtime::tune::tuner: Tuning FusedMatmulAutotuneKey - MatmulKey: MatmulAutotuneKey { definition: MatmulProblemDefinition { m: 16, n: 1, k: 256, lhs_pow2_factor: 4, lhs_stride_factor: 10, rhs_pow2_factor: 0, rhs_stride_factor: 2, elem_lhs: Scalar(Float(F32)), elem_rhs: Scalar(Float(F32)), elem_out: Scalar(Float(F32)), matrix_layout_lhs: Contiguous, matrix_layout_rhs: Contiguous }, analysis: MatmulAutotuneAnalysis { scale_global: Small, kind: MatVec } }, NumOutBuffers: 2, NumOps: 16
2026-02-27T11:29:58.472333Z  INFO cubecl_runtime::tune::tuner: Tuning ConvAutotuneKey { kernel_size: [3, 3], stride: [1, 1], padding: [1, 1], dilation: [1, 1], groups: 1, in_channels: 4, out_channels: 32, shape: [256, 256], batch_size: 4, has_bias: true, dtype: F32, lhs_shape_align: 0, lhs_stride_align: 0, rhs_shape_align: 0, rhs_stride_align: 0 }
2026-02-27T11:29:58.493296Z  INFO cubecl_runtime::tune::tuner: Tuning ConvAutotuneKey { kernel_size: [3, 3], stride: [1, 1], padding: [1, 1], dilation: [1, 1], groups: 1, in_channels: 32, out_channels: 64, shape: [256, 256], batch_size: 4, has_bias: true, dtype: F32, lhs_shape_align: 0, lhs_stride_align: 0, rhs_shape_align: 0, rhs_stride_align: 0 }
2026-02-27T11:29:58.846496Z  INFO cubecl_runtime::tune::tuner: Tuning ConvAutotuneKey { kernel_size: [3, 3], stride: [1, 1], padding: [1, 1], dilation: [1, 1], groups: 1, in_channels: 64, out_channels: 128, shape: [256, 256], batch_size: 4, has_bias: true, dtype: F32, lhs_shape_align: 0, lhs_stride_align: 0, rhs_shape_align: 0, rhs_stride_align: 0 }
2026-02-27T11:30:01.175707Z  INFO cubecl_runtime::tune::tuner: Tuning FusedMatmulAutotuneKey - MatmulKey: MatmulAutotuneKey { definition: MatmulProblemDefinition { m: 4, n: 256, k: 8192, lhs_pow2_factor: 4, lhs_stride_factor: 10, rhs_pow2_factor: 4, rhs_stride_factor: 10, elem_lhs: Scalar(Float(F32)), elem_rhs: Scalar(Float(F32)), elem_out: Scalar(Float(F32)), matrix_layout_lhs: Contiguous, matrix_layout_rhs: Contiguous }, analysis: MatmulAutotuneAnalysis { scale_global: Large, kind: General } }, NumOutBuffers: 1, NumOps: 8
2026-02-27T11:30:01.176181Z  INFO cubecl_runtime::tune::tuner: Tuning MatmulAutotuneKey - Definition: MatmulProblemDefinition { m: 4, n: 256, k: 8192, lhs_pow2_factor: 4, lhs_stride_factor: 10, rhs_pow2_factor: 4, rhs_stride_factor: 10, elem_lhs: Scalar(Float(F32)), elem_rhs: Scalar(Float(F32)), elem_out: Scalar(Float(F32)), matrix_layout_lhs: Contiguous, matrix_layout_rhs: Contiguous }, Analysis: MatmulAutotuneAnalysis { scale_global: Large, kind: General }
2026-02-27T11:30:01.517597Z  INFO cubecl_runtime::tune::tuner: Tuning FusedMatmulAutotuneKey - MatmulKey: MatmulAutotuneKey { definition: MatmulProblemDefinition { m: 4, n: 1, k: 256, lhs_pow2_factor: 4, lhs_stride_factor: 10, rhs_pow2_factor: 0, rhs_stride_factor: 2, elem_lhs: Scalar(Float(F32)), elem_rhs: Scalar(Float(F32)), elem_out: Scalar(Float(F32)), matrix_layout_lhs: Contiguous, matrix_layout_rhs: Contiguous }, analysis: MatmulAutotuneAnalysis { scale_global: Small, kind: MatVec } }, NumOutBuffers: 2, NumOps: 16
2026-02-27T11:30:01.517932Z  INFO cubecl_runtime::tune::tuner: Tuning MatmulAutotuneKey - Definition: MatmulProblemDefinition { m: 4, n: 1, k: 256, lhs_pow2_factor: 4, lhs_stride_factor: 10, rhs_pow2_factor: 0, rhs_stride_factor: 2, elem_lhs: Scalar(Float(F32)), elem_rhs: Scalar(Float(F32)), elem_out: Scalar(Float(F32)), matrix_layout_lhs: Contiguous, matrix_layout_rhs: Contiguous }, Analysis: MatmulAutotuneAnalysis { scale_global: Small, kind: MatVec }
2026-02-27T11:30:01.795176Z  INFO cubecl_runtime::tune::tuner: Tuning SumAutotuneKey { dtype: F32, length: 4 }
2026-02-27T11:30:01.795330Z  INFO cubecl_runtime::tune::tuner: Tuning ReduceAutotuneKey - ElemInput: Float(F32), ElemOutput: Float(F32), ElemAcc: Float(F32), AxisIsContiguous: true, VectorSize: 16, VectorCount: 8
2026-02-27T11:31:03.903408Z  INFO burn_train::learner::supervised::strategies::single::epoch: Executing training step for epoch 2
2026-02-27T11:31:46.820787Z  INFO burn_train::learner::supervised::strategies::single::epoch: Iteration 1
2026-02-27T11:32:04.265421Z  INFO burn_train::learner::supervised::strategies::single::epoch: Iteration 2
2026-02-27T11:32:40.670043Z  INFO burn_train::learner::supervised::strategies::single::epoch: Iteration 3
2026-02-27T11:33:10.950119Z  INFO burn_train::learner::supervised::strategies::single::epoch: Iteration 4
2026-02-27T11:33:13.422611Z  INFO burn_train::learner::supervised::strategies::single::epoch: Iteration 5
2026-02-27T11:33:19.486821Z  INFO burn_train::learner::supervised::strategies::single::epoch: Iteration 6
2026-02-27T11:33:49.943669Z  INFO burn_train::learner::supervised::strategies::single::epoch: Iteration 7
2026-02-27T11:34:09.556073Z  INFO burn_train::learner::supervised::strategies::single::epoch: Iteration 8
2026-02-27T11:34:28.241666Z  INFO burn_train::learner::supervised::strategies::single::epoch: Iteration 9
2026-02-27T11:34:49.865511Z  INFO burn_train::learner::supervised::strategies::single::epoch: Iteration 10
2026-02-27T11:35:04.780189Z  INFO burn_train::learner::supervised::strategies::single::epoch: Iteration 11
2026-02-27T11:35:20.906779Z  INFO burn_train::learner::supervised::strategies::single::epoch: Iteration 12
2026-02-27T11:35:21.907920Z  INFO burn_train::learner::supervised::strategies::single::epoch: Iteration 13
2026-02-27T11:35:48.792547Z  INFO burn_train::learner::supervised::strategies::single::epoch: Iteration 14
2026-02-27T11:35:50.244742Z  INFO burn_train::learner::supervised::strategies::single::epoch: Iteration 15
2026-02-27T11:36:19.147766Z  INFO burn_train::learner::supervised::strategies::single::epoch: Iteration 16
2026-02-27T11:36:21.463937Z  INFO burn_train::learner::supervised::strategies::single::epoch: Iteration 17
2026-02-27T11:36:34.963248Z  INFO burn_train::learner::supervised::strategies::single::epoch: Iteration 18
2026-02-27T11:36:38.026049Z  INFO burn_train::learner::supervised::strategies::single::epoch: Iteration 19
2026-02-27T11:37:19.775504Z  INFO burn_train::learner::supervised::strategies::single::epoch: Iteration 20
2026-02-27T11:37:21.783444Z  INFO burn_train::learner::supervised::strategies::single::epoch: Iteration 21
2026-02-27T11:37:53.930687Z  INFO burn_train::learner::supervised::strategies::single::epoch: Iteration 22
2026-02-27T11:38:24.052367Z  INFO burn_train::learner::supervised::strategies::single::epoch: Iteration 23
2026-02-27T11:38:31.460596Z  INFO burn_train::learner::supervised::strategies::single::epoch: Iteration 24
2026-02-27T11:38:44.274638Z  INFO burn_train::learner::supervised::strategies::single::epoch: Iteration 25
2026-02-27T11:38:56.762050Z  INFO burn_train::learner::supervised::strategies::single::epoch: Iteration 26
2026-02-27T11:39:33.709971Z  INFO burn_train::learner::supervised::strategies::single::epoch: Iteration 27
2026-02-27T11:39:34.430077Z  INFO burn_train::learner::supervised::strategies::single::epoch: Iteration 28
2026-02-27T11:39:43.915791Z  INFO burn_train::learner::supervised::strategies::single::epoch: Iteration 29
2026-02-27T11:40:09.609024Z  INFO burn_train::learner::supervised::strategies::single::epoch: Iteration 30
2026-02-27T11:40:49.105684Z  INFO burn_train::learner::supervised::strategies::single::epoch: Iteration 31
2026-02-27T11:41:00.636863Z  INFO burn_train::learner::supervised::strategies::single::epoch: Iteration 32
2026-02-27T11:41:01.810083Z  INFO burn_train::learner::supervised::strategies::single::epoch: Iteration 33
2026-02-27T11:41:04.742438Z  INFO burn_train::learner::supervised::strategies::single::epoch: Iteration 34
2026-02-27T11:41:37.210027Z  INFO burn_train::learner::supervised::strategies::single::epoch: Iteration 35
2026-02-27T11:41:52.941484Z  INFO burn_train::learner::supervised::strategies::single::epoch: Iteration 36
2026-02-27T11:41:54.081647Z  INFO burn_train::learner::supervised::strategies::single::epoch: Iteration 37
2026-02-27T11:42:11.145607Z  INFO burn_train::learner::supervised::strategies::single::epoch: Iteration 38
2026-02-27T11:42:34.196548Z  INFO burn_train::learner::supervised::strategies::single::epoch: Iteration 39
2026-02-27T11:42:37.661294Z  INFO burn_train::learner::supervised::strategies::single::epoch: Iteration 40
2026-02-27T11:42:48.309522Z  INFO burn_train::learner::supervised::strategies::single::epoch: Iteration 41
2026-02-27T11:43:05.441432Z  INFO burn_train::learner::supervised::strategies::single::epoch: Iteration 42
2026-02-27T11:43:29.164566Z  INFO burn_train::learner::supervised::strategies::single::epoch: Iteration 43
2026-02-27T11:43:38.936972Z  INFO burn_train::learner::supervised::strategies::single::epoch: Iteration 44
2026-02-27T11:44:03.309791Z  INFO burn_train::learner::supervised::strategies::single::epoch: Iteration 45
2026-02-27T11:44:24.942960Z  INFO burn_train::learner::supervised::strategies::single::epoch: Iteration 46
2026-02-27T11:44:40.415378Z  INFO burn_train::learner::supervised::strategies::single::epoch: Iteration 47
2026-02-27T11:44:44.273595Z  INFO burn_train::learner::supervised::strategies::single::epoch: Iteration 48
2026-02-27T11:45:06.769723Z  INFO burn_train::learner::supervised::strategies::single::epoch: Iteration 49
2026-02-27T11:45:12.214473Z  INFO burn_train::learner::supervised::strategies::single::epoch: Iteration 50
2026-02-27T11:45:31.608933Z  INFO burn_train::learner::supervised::strategies::single::epoch: Iteration 51
2026-02-27T11:45:47.503022Z  INFO burn_train::learner::supervised::strategies::single::epoch: Iteration 52
2026-02-27T11:45:54.810472Z  INFO burn_train::learner::supervised::strategies::single::epoch: Iteration 53
2026-02-27T11:46:34.882879Z  INFO burn_train::learner::supervised::strategies::single::epoch: Iteration 54
2026-02-27T11:46:36.292186Z  INFO burn_train::learner::supervised::strategies::single::epoch: Iteration 55
2026-02-27T11:46:40.933026Z  INFO burn_train::learner::supervised::strategies::single::epoch: Iteration 56
2026-02-27T11:47:09.332549Z  INFO burn_train::learner::supervised::strategies::single::epoch: Iteration 57
2026-02-27T11:47:12.293748Z  INFO burn_train::learner::supervised::strategies::single::epoch: Iteration 58
2026-02-27T11:47:37.697575Z  INFO burn_train::learner::supervised::strategies::single::epoch: Iteration 59
2026-02-27T11:47:52.175725Z  INFO burn_train::learner::supervised::strategies::single::epoch: Iteration 60
2026-02-27T11:48:00.109363Z  INFO burn_train::learner::supervised::strategies::single::epoch: Iteration 61
2026-02-27T11:48:02.924421Z  INFO burn_train::learner::supervised::strategies::single::epoch: Iteration 62
2026-02-27T11:48:54.418414Z  INFO burn_train::learner::supervised::strategies::single::epoch: Iteration 63
2026-02-27T11:48:54.498414Z  INFO burn_train::learner::supervised::strategies::single::epoch: Iteration 64
2026-02-27T11:49:00.932822Z  INFO burn_train::learner::supervised::strategies::single::epoch: Iteration 65
2026-02-27T11:49:41.112371Z  INFO burn_train::learner::supervised::strategies::single::epoch: Iteration 66
2026-02-27T11:49:56.307231Z  INFO burn_train::learner::supervised::strategies::single::epoch: Iteration 67
2026-02-27T11:50:12.790514Z  INFO burn_train::learner::supervised::strategies::single::epoch: Iteration 68
2026-02-27T11:50:24.253463Z  INFO burn_train::learner::supervised::strategies::single::epoch: Iteration 69
2026-02-27T11:50:41.988111Z  INFO burn_train::learner::supervised::strategies::single::epoch: Iteration 70
2026-02-27T11:50:54.938740Z  INFO burn_train::learner::supervised::strategies::single::epoch: Iteration 71
2026-02-27T11:51:35.723915Z  INFO burn_train::learner::supervised::strategies::single::epoch: Iteration 72
2026-02-27T11:51:52.961026Z  INFO burn_train::learner::supervised::strategies::single::epoch: Iteration 73
2026-02-27T11:51:56.615121Z  INFO burn_train::learner::supervised::strategies::single::epoch: Iteration 74
2026-02-27T11:52:11.519059Z  INFO burn_train::learner::supervised::strategies::single::epoch: Iteration 75
2026-02-27T11:52:29.877639Z  INFO burn_train::learner::supervised::strategies::single::epoch: Iteration 76
2026-02-27T11:53:08.255127Z  INFO burn_train::learner::supervised::strategies::single::epoch: Iteration 77
2026-02-27T11:53:23.386333Z  INFO burn_train::learner::supervised::strategies::single::epoch: Iteration 78
2026-02-27T11:53:34.464559Z  INFO burn_train::learner::supervised::strategies::single::epoch: Iteration 79
2026-02-27T11:53:52.617016Z  INFO burn_train::learner::supervised::strategies::single::epoch: Iteration 80
2026-02-27T11:54:12.269244Z  INFO burn_train::learner::supervised::strategies::single::epoch: Iteration 81
2026-02-27T11:54:21.726488Z  INFO burn_train::learner::supervised::strategies::single::epoch: Iteration 82
2026-02-27T11:54:32.367008Z  INFO burn_train::learner::supervised::strategies::single::epoch: Iteration 83
2026-02-27T11:55:15.428424Z  INFO burn_train::learner::supervised::strategies::single::epoch: Iteration 84
2026-02-27T11:55:20.690581Z  INFO burn_train::learner::supervised::strategies::single::epoch: Iteration 85
2026-02-27T11:55:35.682485Z  INFO burn_train::learner::supervised::strategies::single::epoch: Iteration 86
2026-02-27T11:55:42.815687Z  INFO burn_train::learner::supervised::strategies::single::epoch: Iteration 87
2026-02-27T11:56:03.514277Z  INFO burn_train::learner::supervised::strategies::single::epoch: Iteration 88
2026-02-27T11:56:18.246970Z  INFO burn_train::learner::supervised::strategies::single::epoch: Iteration 89
2026-02-27T11:56:41.820425Z  INFO burn_train::learner::supervised::strategies::single::epoch: Iteration 90
2026-02-27T11:57:08.708007Z  INFO burn_train::learner::supervised::strategies::single::epoch: Iteration 91
2026-02-27T11:57:37.916769Z  INFO burn_train::learner::supervised::strategies::single::epoch: Iteration 92
2026-02-27T11:57:39.114700Z  INFO burn_train::learner::supervised::strategies::single::epoch: Iteration 93
2026-02-27T11:57:45.457354Z  INFO burn_train::learner::supervised::strategies::single::epoch: Iteration 94
2026-02-27T11:58:36.101141Z  INFO burn_train::learner::supervised::strategies::single::epoch: Iteration 95
2026-02-27T11:58:41.135632Z  INFO burn_train::learner::supervised::strategies::single::epoch: Iteration 96
2026-02-27T11:58:47.117598Z  INFO burn_train::learner::supervised::strategies::single::epoch: Iteration 97
2026-02-27T11:58:48.062211Z  INFO burn_train::learner::supervised::strategies::single::epoch: Iteration 98
2026-02-27T11:59:33.229998Z  INFO burn_train::learner::supervised::strategies::single::epoch: Iteration 99
2026-02-27T11:59:33.791334Z  INFO burn_train::learner::supervised::strategies::single::epoch: Iteration 100
2026-02-27T11:59:49.568052Z  INFO burn_train::learner::supervised::strategies::single::epoch: Iteration 101
2026-02-27T11:59:51.659217Z  INFO burn_train::learner::supervised::strategies::single::epoch: Iteration 102
2026-02-27T12:00:29.117837Z  INFO burn_train::learner::supervised::strategies::single::epoch: Iteration 103
2026-02-27T12:00:44.095649Z  INFO burn_train::learner::supervised::strategies::single::epoch: Iteration 104
2026-02-27T12:00:47.463617Z  INFO burn_train::learner::supervised::strategies::single::epoch: Iteration 105
2026-02-27T12:01:24.865108Z  INFO burn_train::learner::supervised::strategies::single::epoch: Iteration 106
2026-02-27T12:01:30.348470Z  INFO burn_train::learner::supervised::strategies::single::epoch: Iteration 107
2026-02-27T12:01:43.542524Z  INFO burn_train::learner::supervised::strategies::single::epoch: Iteration 108
2026-02-27T12:01:49.222035Z  INFO burn_train::learner::supervised::strategies::single::epoch: Iteration 109
2026-02-27T12:02:13.464734Z  INFO burn_train::learner::supervised::strategies::single::epoch: Iteration 110
2026-02-27T12:02:24.211996Z  INFO burn_train::learner::supervised::strategies::single::epoch: Iteration 111
2026-02-27T12:02:54.600383Z  INFO burn_train::learner::supervised::strategies::single::epoch: Iteration 112
2026-02-27T12:03:08.660538Z  INFO burn_train::learner::supervised::strategies::single::epoch: Iteration 113
2026-02-27T12:03:12.161900Z  INFO burn_train::learner::supervised::strategies::single::epoch: Iteration 114
2026-02-27T12:03:20.619936Z  INFO burn_train::learner::supervised::strategies::single::epoch: Iteration 115
2026-02-27T12:03:34.687750Z  INFO burn_train::learner::supervised::strategies::single::epoch: Iteration 116
2026-02-27T12:03:55.364764Z  INFO burn_train::learner::supervised::strategies::single::epoch: Iteration 117
2026-02-27T12:04:30.875923Z  INFO burn_train::learner::supervised::strategies::single::epoch: Iteration 118
2026-02-27T12:04:31.082303Z  INFO burn_train::learner::supervised::strategies::single::epoch: Iteration 119
2026-02-27T12:04:33.889232Z  INFO burn_train::learner::supervised::strategies::single::epoch: Iteration 120
2026-02-27T12:04:40.905233Z  INFO burn_train::learner::supervised::strategies::single::epoch: Iteration 121
2026-02-27T12:05:24.935343Z  INFO burn_train::learner::supervised::strategies::single::epoch: Iteration 122
2026-02-27T12:05:33.798900Z  INFO burn_train::learner::supervised::strategies::single::epoch: Iteration 123
2026-02-27T12:05:42.930485Z  INFO burn_train::learner::supervised::strategies::single::epoch: Iteration 124
2026-02-27T12:05:51.956209Z  INFO burn_train::learner::supervised::strategies::single::epoch: Iteration 125
2026-02-27T12:06:16.821714Z  INFO burn_train::learner::supervised::strategies::single::epoch: Iteration 126
2026-02-27T12:06:49.529475Z  INFO burn_train::learner::supervised::strategies::single::epoch: Iteration 127
2026-02-27T12:06:49.856400Z  INFO burn_train::learner::supervised::strategies::single::epoch: Iteration 128
2026-02-27T12:06:53.890394Z  INFO burn_train::learner::supervised::strategies::single::epoch: Iteration 129
2026-02-27T12:07:28.718126Z  INFO burn_train::learner::supervised::strategies::single::epoch: Iteration 130
2026-02-27T12:07:36.651527Z  INFO burn_train::learner::supervised::strategies::single::epoch: Iteration 131
2026-02-27T12:07:48.716609Z  INFO burn_train::learner::supervised::strategies::single::epoch: Iteration 132
2026-02-27T12:08:20.757112Z  INFO burn_train::learner::supervised::strategies::single::epoch: Iteration 133
2026-02-27T12:08:23.270983Z  INFO burn_train::learner::supervised::strategies::single::epoch: Iteration 134
2026-02-27T12:08:33.263991Z  INFO burn_train::learner::supervised::strategies::single::epoch: Iteration 135
2026-02-27T12:08:48.585073Z  INFO burn_train::learner::supervised::strategies::single::epoch: Iteration 136
2026-02-27T12:09:09.112743Z  INFO burn_train::learner::supervised::strategies::single::epoch: Iteration 137
2026-02-27T12:09:35.263714Z  INFO burn_train::learner::supervised::strategies::single::epoch: Iteration 138
2026-02-27T12:09:44.862703Z  INFO burn_train::learner::supervised::strategies::single::epoch: Iteration 139
2026-02-27T12:10:04.783857Z  INFO burn_train::learner::supervised::strategies::single::epoch: Iteration 140
2026-02-27T12:10:21.792595Z  INFO burn_train::learner::supervised::strategies::single::epoch: Iteration 141
2026-02-27T12:10:46.644644Z  INFO burn_train::learner::supervised::strategies::single::epoch: Iteration 142
2026-02-27T12:11:01.219142Z  INFO burn_train::learner::supervised::strategies::single::epoch: Iteration 143
2026-02-27T12:11:03.795549Z  INFO burn_train::learner::supervised::strategies::single::epoch: Iteration 144
2026-02-27T12:11:30.907721Z  INFO burn_train::learner::supervised::strategies::single::epoch: Iteration 145
2026-02-27T12:11:33.277211Z  INFO burn_train::learner::supervised::strategies::single::epoch: Iteration 146
2026-02-27T12:12:03.743607Z  INFO burn_train::learner::supervised::strategies::single::epoch: Iteration 147
2026-02-27T12:12:11.761295Z  INFO burn_train::learner::supervised::strategies::single::epoch: Iteration 148
2026-02-27T12:12:27.747232Z  INFO burn_train::learner::supervised::strategies::single::epoch: Iteration 149
2026-02-27T12:12:40.003326Z  INFO burn_train::learner::supervised::strategies::single::epoch: Iteration 150
2026-02-27T12:13:05.162691Z  INFO burn_train::learner::supervised::strategies::single::epoch: Iteration 151
2026-02-27T12:13:29.009455Z  INFO burn_train::learner::supervised::strategies::single::epoch: Iteration 152
2026-02-27T12:13:34.078818Z  INFO burn_train::learner::supervised::strategies::single::epoch: Iteration 153
2026-02-27T12:13:50.406097Z  INFO burn_train::learner::supervised::strategies::single::epoch: Iteration 154
2026-02-27T12:13:57.025278Z  INFO burn_train::learner::supervised::strategies::single::epoch: Iteration 155
2026-02-27T12:14:21.568479Z  INFO burn_train::learner::supervised::strategies::single::epoch: Iteration 156
2026-02-27T12:14:42.785829Z  INFO burn_train::learner::supervised::strategies::single::epoch: Iteration 157
2026-02-27T12:14:44.313044Z  INFO burn_train::learner::supervised::strategies::single::epoch: Iteration 158
2026-02-27T12:14:56.171871Z  INFO burn_train::learner::supervised::strategies::single::epoch: Iteration 159
2026-02-27T12:15:28.876970Z  INFO burn_train::learner::supervised::strategies::single::epoch: Iteration 160
2026-02-27T12:15:49.204280Z  INFO burn_train::learner::supervised::strategies::single::epoch: Iteration 161
2026-02-27T12:16:21.121575Z  INFO burn_train::learner::supervised::strategies::single::epoch: Iteration 162
2026-02-27T12:16:21.277699Z  INFO burn_train::learner::supervised::strategies::single::epoch: Iteration 163
2026-02-27T12:16:26.081247Z  INFO burn_train::learner::supervised::strategies::single::epoch: Iteration 164
2026-02-27T12:16:51.080138Z  INFO burn_train::learner::supervised::strategies::single::epoch: Iteration 165
2026-02-27T12:17:15.977439Z  INFO burn_train::learner::supervised::strategies::single::epoch: Iteration 166
2026-02-27T12:17:36.371416Z  INFO burn_train::learner::supervised::strategies::single::epoch: Iteration 167
2026-02-27T12:17:48.615981Z  INFO burn_train::learner::supervised::strategies::single::epoch: Iteration 168
2026-02-27T12:18:01.692973Z  INFO burn_train::learner::supervised::strategies::single::epoch: Iteration 169
2026-02-27T12:18:06.763224Z  INFO burn_train::learner::supervised::strategies::single::epoch: Iteration 170
2026-02-27T12:19:01.810344Z  INFO burn_train::learner::supervised::strategies::single::epoch: Iteration 171
2026-02-27T12:19:02.420223Z  INFO burn_train::learner::supervised::strategies::single::epoch: Iteration 172
2026-02-27T12:19:11.488669Z  INFO burn_train::learner::supervised::strategies::single::epoch: Iteration 173
2026-02-27T12:19:31.167118Z  INFO burn_train::learner::supervised::strategies::single::epoch: Iteration 174
2026-02-27T12:19:37.815125Z  INFO burn_train::learner::supervised::strategies::single::epoch: Iteration 175
2026-02-27T12:20:11.015844Z  INFO burn_train::learner::supervised::strategies::single::epoch: Iteration 176
2026-02-27T12:20:12.814622Z  INFO burn_train::learner::supervised::strategies::single::epoch: Iteration 177
2026-02-27T12:20:38.316933Z  INFO burn_train::learner::supervised::strategies::single::epoch: Iteration 178
2026-02-27T12:20:39.711488Z  INFO burn_train::learner::supervised::strategies::single::epoch: Iteration 179
2026-02-27T12:20:43.112391Z  INFO burn_train::learner::supervised::strategies::single::epoch: Iteration 180
2026-02-27T12:21:16.613636Z  INFO burn_train::learner::supervised::strategies::single::epoch: Iteration 181
2026-02-27T12:21:19.333695Z  INFO burn_train::learner::supervised::strategies::single::epoch: Iteration 182
2026-02-27T12:21:42.681748Z  INFO burn_train::learner::supervised::strategies::single::epoch: Iteration 183
2026-02-27T12:22:13.197725Z  INFO burn_train::learner::supervised::strategies::single::epoch: Iteration 184
2026-02-27T12:22:28.263545Z  INFO burn_train::learner::supervised::strategies::single::epoch: Iteration 185
2026-02-27T12:22:28.577728Z  INFO burn_train::learner::supervised::strategies::single::epoch: Iteration 186
2026-02-27T12:23:04.987930Z  INFO burn_train::learner::supervised::strategies::single::epoch: Iteration 187
2026-02-27T12:23:26.649281Z  INFO burn_train::learner::supervised::strategies::single::epoch: Iteration 188
2026-02-27T12:24:12.476508Z  INFO burn_train::learner::supervised::strategies::single::epoch: Iteration 189
2026-02-27T12:24:52.019122Z  INFO burn_train::learner::supervised::strategies::single::epoch: Iteration 190
2026-02-27T12:24:52.081814Z  INFO burn_train::learner::supervised::strategies::single::epoch: Executing validation step for epoch 2
2026-02-27T12:40:20.077579Z  INFO burn_train::learner::supervised::strategies::single::epoch: Executing training step for epoch 3
2026-02-27T12:41:00.731006Z  INFO burn_train::learner::supervised::strategies::single::epoch: Iteration 1
2026-02-27T12:41:20.714162Z  INFO burn_train::learner::supervised::strategies::single::epoch: Iteration 2
2026-02-27T12:41:43.073521Z  INFO burn_train::learner::supervised::strategies::single::epoch: Iteration 3
2026-02-27T12:42:04.032897Z  INFO burn_train::learner::supervised::strategies::single::epoch: Iteration 4
2026-02-27T12:42:20.556532Z  INFO burn_train::learner::supervised::strategies::single::epoch: Iteration 5
2026-02-27T12:42:28.909882Z  INFO burn_train::learner::supervised::strategies::single::epoch: Iteration 6
2026-02-27T12:42:42.432449Z  INFO burn_train::learner::supervised::strategies::single::epoch: Iteration 7
2026-02-27T12:43:03.732700Z  INFO burn_train::learner::supervised::strategies::single::epoch: Iteration 8
2026-02-27T12:43:20.518766Z  INFO burn_train::learner::supervised::strategies::single::epoch: Iteration 9
2026-02-27T12:43:44.974585Z  INFO burn_train::learner::supervised::strategies::single::epoch: Iteration 10
2026-02-27T12:44:09.860307Z  INFO burn_train::learner::supervised::strategies::single::epoch: Iteration 11
2026-02-27T12:44:12.616014Z  INFO burn_train::learner::supervised::strategies::single::epoch: Iteration 12
2026-02-27T12:44:21.450116Z  INFO burn_train::learner::supervised::strategies::single::epoch: Iteration 13
2026-02-27T12:44:56.549699Z  INFO burn_train::learner::supervised::strategies::single::epoch: Iteration 14
2026-02-27T12:44:58.053499Z  INFO burn_train::learner::supervised::strategies::single::epoch: Iteration 15
2026-02-27T12:45:19.634664Z  INFO burn_train::learner::supervised::strategies::single::epoch: Iteration 16
2026-02-27T12:45:26.117277Z  INFO burn_train::learner::supervised::strategies::single::epoch: Iteration 17
2026-02-27T12:45:52.321667Z  INFO burn_train::learner::supervised::strategies::single::epoch: Iteration 18
2026-02-27T12:45:57.397617Z  INFO burn_train::learner::supervised::strategies::single::epoch: Iteration 19
2026-02-27T12:46:32.292322Z  INFO burn_train::learner::supervised::strategies::single::epoch: Iteration 20
2026-02-27T12:46:42.271878Z  INFO burn_train::learner::supervised::strategies::single::epoch: Iteration 21
2026-02-27T12:46:57.409015Z  INFO burn_train::learner::supervised::strategies::single::epoch: Iteration 22
2026-02-27T12:47:33.520888Z  INFO burn_train::learner::supervised::strategies::single::epoch: Iteration 23
2026-02-27T12:47:40.583027Z  INFO burn_train::learner::supervised::strategies::single::epoch: Iteration 24
2026-02-27T12:47:42.136213Z  INFO burn_train::learner::supervised::strategies::single::epoch: Iteration 25
2026-02-27T12:48:12.092833Z  INFO burn_train::learner::supervised::strategies::single::epoch: Iteration 26
2026-02-27T12:48:39.186793Z  INFO burn_train::learner::supervised::strategies::single::epoch: Iteration 27
2026-02-27T12:48:52.452577Z  INFO burn_train::learner::supervised::strategies::single::epoch: Iteration 28
2026-02-27T12:48:54.704787Z  INFO burn_train::learner::supervised::strategies::single::epoch: Iteration 29
2026-02-27T12:49:00.242918Z  INFO burn_train::learner::supervised::strategies::single::epoch: Iteration 30
2026-02-27T12:49:44.235280Z  INFO burn_train::learner::supervised::strategies::single::epoch: Iteration 31
2026-02-27T12:50:13.116260Z  INFO burn_train::learner::supervised::strategies::single::epoch: Iteration 32
2026-02-27T12:50:15.168274Z  INFO burn_train::learner::supervised::strategies::single::epoch: Iteration 33
2026-02-27T12:50:19.751493Z  INFO burn_train::learner::supervised::strategies::single::epoch: Iteration 34
2026-02-27T12:50:23.631220Z  INFO burn_train::learner::supervised::strategies::single::epoch: Iteration 35
2026-02-27T12:51:09.949023Z  INFO burn_train::learner::supervised::strategies::single::epoch: Iteration 36
2026-02-27T12:51:16.173119Z  INFO burn_train::learner::supervised::strategies::single::epoch: Iteration 37
2026-02-27T12:51:20.223399Z  INFO burn_train::learner::supervised::strategies::single::epoch: Iteration 38
2026-02-27T12:51:39.772330Z  INFO burn_train::learner::supervised::strategies::single::epoch: Iteration 39
2026-02-27T12:51:53.740089Z  INFO burn_train::learner::supervised::strategies::single::epoch: Iteration 40
2026-02-27T12:52:19.424004Z  INFO burn_train::learner::supervised::strategies::single::epoch: Iteration 41
2026-02-27T12:52:22.330230Z  INFO burn_train::learner::supervised::strategies::single::epoch: Iteration 42
2026-02-27T12:52:23.247764Z  INFO burn_train::learner::supervised::strategies::single::epoch: Iteration 43
2026-02-27T12:53:06.871372Z  INFO burn_train::learner::supervised::strategies::single::epoch: Iteration 44
2026-02-27T12:53:11.463991Z  INFO burn_train::learner::supervised::strategies::single::epoch: Iteration 45
2026-02-27T12:53:35.342734Z  INFO burn_train::learner::supervised::strategies::single::epoch: Iteration 46
2026-02-27T12:53:37.512627Z  INFO burn_train::learner::supervised::strategies::single::epoch: Iteration 47
2026-02-27T12:53:59.270235Z  INFO burn_train::learner::supervised::strategies::single::epoch: Iteration 48
2026-02-27T12:54:36.363286Z  INFO burn_train::learner::supervised::strategies::single::epoch: Iteration 49
2026-02-27T12:54:36.528898Z  INFO burn_train::learner::supervised::strategies::single::epoch: Iteration 50
2026-02-27T12:54:40.735832Z  INFO burn_train::learner::supervised::strategies::single::epoch: Iteration 51
2026-02-27T12:55:28.172698Z  INFO burn_train::learner::supervised::strategies::single::epoch: Iteration 52
2026-02-27T12:55:39.087590Z  INFO burn_train::learner::supervised::strategies::single::epoch: Iteration 53
2026-02-27T12:55:46.683499Z  INFO burn_train::learner::supervised::strategies::single::epoch: Iteration 54
2026-02-27T12:55:47.834819Z  INFO burn_train::learner::supervised::strategies::single::epoch: Iteration 55
2026-02-27T12:56:39.910894Z  INFO burn_train::learner::supervised::strategies::single::epoch: Iteration 56
2026-02-27T12:56:41.338735Z  INFO burn_train::learner::supervised::strategies::single::epoch: Iteration 57
2026-02-27T12:56:52.745010Z  INFO burn_train::learner::supervised::strategies::single::epoch: Iteration 58
2026-02-27T12:56:53.239103Z  INFO burn_train::learner::supervised::strategies::single::epoch: Iteration 59
2026-02-27T12:57:30.484620Z  INFO burn_train::learner::supervised::strategies::single::epoch: Iteration 60
2026-02-27T12:57:33.092841Z  INFO burn_train::learner::supervised::strategies::single::epoch: Iteration 61
2026-02-27T12:57:44.045925Z  INFO burn_train::learner::supervised::strategies::single::epoch: Iteration 62
2026-02-27T12:57:59.657821Z  INFO burn_train::learner::supervised::strategies::single::epoch: Iteration 63
2026-02-27T12:58:25.469365Z  INFO burn_train::learner::supervised::strategies::single::epoch: Iteration 64
2026-02-27T12:58:26.795200Z  INFO burn_train::learner::supervised::strategies::single::epoch: Iteration 65
2026-02-27T12:58:38.945724Z  INFO burn_train::learner::supervised::strategies::single::epoch: Iteration 66
2026-02-27T12:59:26.289817Z  INFO burn_train::learner::supervised::strategies::single::epoch: Iteration 67
2026-02-27T12:59:26.358569Z  INFO burn_train::learner::supervised::strategies::single::epoch: Iteration 68
2026-02-27T12:59:33.378184Z  INFO burn_train::learner::supervised::strategies::single::epoch: Iteration 69
2026-02-27T12:59:37.421870Z  INFO burn_train::learner::supervised::strategies::single::epoch: Iteration 70
2026-02-27T13:00:10.419637Z  INFO burn_train::learner::supervised::strategies::single::epoch: Iteration 71
2026-02-27T13:00:44.969777Z  INFO burn_train::learner::supervised::strategies::single::epoch: Iteration 72
2026-02-27T13:00:52.331685Z  INFO burn_train::learner::supervised::strategies::single::epoch: Iteration 73
2026-02-27T13:00:55.024714Z  INFO burn_train::learner::supervised::strategies::single::epoch: Iteration 74
2026-02-27T13:01:28.050373Z  INFO burn_train::learner::supervised::strategies::single::epoch: Iteration 75
2026-02-27T13:01:38.402156Z  INFO burn_train::learner::supervised::strategies::single::epoch: Iteration 76
2026-02-27T13:02:04.533935Z  INFO burn_train::learner::supervised::strategies::single::epoch: Iteration 77
2026-02-27T13:02:09.594093Z  INFO burn_train::learner::supervised::strategies::single::epoch: Iteration 78
2026-02-27T13:02:28.908901Z  INFO burn_train::learner::supervised::strategies::single::epoch: Iteration 79
2026-02-27T13:02:47.687185Z  INFO burn_train::learner::supervised::strategies::single::epoch: Iteration 80
2026-02-27T13:03:05.618341Z  INFO burn_train::learner::supervised::strategies::single::epoch: Iteration 81
2026-02-27T13:03:08.444665Z  INFO burn_train::learner::supervised::strategies::single::epoch: Iteration 82
2026-02-27T13:03:59.461365Z  INFO burn_train::learner::supervised::strategies::single::epoch: Iteration 83
2026-02-27T13:04:03.908546Z  INFO burn_train::learner::supervised::strategies::single::epoch: Iteration 84
2026-02-27T13:04:08.082230Z  INFO burn_train::learner::supervised::strategies::single::epoch: Iteration 85
2026-02-27T13:04:36.013713Z  INFO burn_train::learner::supervised::strategies::single::epoch: Iteration 86
2026-02-27T13:05:05.849016Z  INFO burn_train::learner::supervised::strategies::single::epoch: Iteration 87
2026-02-27T13:05:15.334505Z  INFO burn_train::learner::supervised::strategies::single::epoch: Iteration 88
2026-02-27T13:05:22.389011Z  INFO burn_train::learner::supervised::strategies::single::epoch: Iteration 89
2026-02-27T13:05:58.057216Z  INFO burn_train::learner::supervised::strategies::single::epoch: Iteration 90
2026-02-27T13:06:32.090027Z  INFO burn_train::learner::supervised::strategies::single::epoch: Iteration 91
2026-02-27T13:06:32.958052Z  INFO burn_train::learner::supervised::strategies::single::epoch: Iteration 92
2026-02-27T13:06:36.260160Z  INFO burn_train::learner::supervised::strategies::single::epoch: Iteration 93
2026-02-27T13:07:02.859789Z  INFO burn_train::learner::supervised::strategies::single::epoch: Iteration 94
2026-02-27T13:07:27.927593Z  INFO burn_train::learner::supervised::strategies::single::epoch: Iteration 95
2026-02-27T13:07:32.931290Z  INFO burn_train::learner::supervised::strategies::single::epoch: Iteration 96
2026-02-27T13:07:47.292826Z  INFO burn_train::learner::supervised::strategies::single::epoch: Iteration 97
2026-02-27T13:07:59.035747Z  INFO burn_train::learner::supervised::strategies::single::epoch: Iteration 98
2026-02-27T13:08:25.061463Z  INFO burn_train::learner::supervised::strategies::single::epoch: Iteration 99
2026-02-27T13:08:43.558141Z  INFO burn_train::learner::supervised::strategies::single::epoch: Iteration 100
2026-02-27T13:08:45.065624Z  INFO burn_train::learner::supervised::strategies::single::epoch: Iteration 101
2026-02-27T13:08:58.509279Z  INFO burn_train::learner::supervised::strategies::single::epoch: Iteration 102
2026-02-27T13:09:31.222562Z  INFO burn_train::learner::supervised::strategies::single::epoch: Iteration 103
2026-02-27T13:09:36.697123Z  INFO burn_train::learner::supervised::strategies::single::epoch: Iteration 104
2026-02-27T13:09:56.201433Z  INFO burn_train::learner::supervised::strategies::single::epoch: Iteration 105
2026-02-27T13:09:58.923700Z  INFO burn_train::learner::supervised::strategies::single::epoch: Iteration 106
2026-02-27T13:10:49.861469Z  INFO burn_train::learner::supervised::strategies::single::epoch: Iteration 107
2026-02-27T13:10:50.086462Z  INFO burn_train::learner::supervised::strategies::single::epoch: Iteration 108
2026-02-27T13:10:58.792760Z  INFO burn_train::learner::supervised::strategies::single::epoch: Iteration 109
2026-02-27T13:11:42.762760Z  INFO burn_train::learner::supervised::strategies::single::epoch: Iteration 110
2026-02-27T13:11:46.230594Z  INFO burn_train::learner::supervised::strategies::single::epoch: Iteration 111
2026-02-27T13:11:53.141872Z  INFO burn_train::learner::supervised::strategies::single::epoch: Iteration 112
2026-02-27T13:11:58.612087Z  INFO burn_train::learner::supervised::strategies::single::epoch: Iteration 113
2026-02-27T13:12:56.253605Z  INFO burn_train::learner::supervised::strategies::single::epoch: Iteration 114
2026-02-27T13:12:56.776366Z  INFO burn_train::learner::supervised::strategies::single::epoch: Iteration 115
2026-02-27T13:13:03.965533Z  INFO burn_train::learner::supervised::strategies::single::epoch: Iteration 116
2026-02-27T13:13:06.376500Z  INFO burn_train::learner::supervised::strategies::single::epoch: Iteration 117
2026-02-27T13:13:47.612315Z  INFO burn_train::learner::supervised::strategies::single::epoch: Iteration 118
2026-02-27T13:14:09.566284Z  INFO burn_train::learner::supervised::strategies::single::epoch: Iteration 119
2026-02-27T13:14:10.401286Z  INFO burn_train::learner::supervised::strategies::single::epoch: Iteration 120
2026-02-27T13:14:21.966942Z  INFO burn_train::learner::supervised::strategies::single::epoch: Iteration 121
2026-02-27T13:14:31.041164Z  INFO burn_train::learner::supervised::strategies::single::epoch: Iteration 122
2026-02-27T13:15:05.201491Z  INFO burn_train::learner::supervised::strategies::single::epoch: Iteration 123
2026-02-27T13:15:12.500600Z  INFO burn_train::learner::supervised::strategies::single::epoch: Iteration 124
2026-02-27T13:15:13.990472Z  INFO burn_train::learner::supervised::strategies::single::epoch: Iteration 125
2026-02-27T13:15:44.878598Z  INFO burn_train::learner::supervised::strategies::single::epoch: Iteration 126
2026-02-27T13:16:00.802349Z  INFO burn_train::learner::supervised::strategies::single::epoch: Iteration 127
2026-02-27T13:16:19.582180Z  INFO burn_train::learner::supervised::strategies::single::epoch: Iteration 128
2026-02-27T13:16:33.540199Z  INFO burn_train::learner::supervised::strategies::single::epoch: Iteration 129
2026-02-27T13:16:42.904417Z  INFO burn_train::learner::supervised::strategies::single::epoch: Iteration 130
2026-02-27T13:17:00.864129Z  INFO burn_train::learner::supervised::strategies::single::epoch: Iteration 131
2026-02-27T13:17:22.396751Z  INFO burn_train::learner::supervised::strategies::single::epoch: Iteration 132
2026-02-27T13:17:29.422603Z  INFO burn_train::learner::supervised::strategies::single::epoch: Iteration 133
2026-02-27T13:17:35.297134Z  INFO burn_train::learner::supervised::strategies::single::epoch: Iteration 134
2026-02-27T13:17:42.339082Z  INFO burn_train::learner::supervised::strategies::single::epoch: Iteration 135
2026-02-27T13:18:07.470138Z  INFO burn_train::learner::supervised::strategies::single::epoch: Iteration 136
2026-02-27T13:18:30.455798Z  INFO burn_train::learner::supervised::strategies::single::epoch: Iteration 137
2026-02-27T13:18:44.988919Z  INFO burn_train::learner::supervised::strategies::single::epoch: Iteration 138
2026-02-27T13:18:59.176745Z  INFO burn_train::learner::supervised::strategies::single::epoch: Iteration 139
2026-02-27T13:19:19.803521Z  INFO burn_train::learner::supervised::strategies::single::epoch: Iteration 140
2026-02-27T13:19:26.790806Z  INFO burn_train::learner::supervised::strategies::single::epoch: Iteration 141
2026-02-27T13:19:44.715781Z  INFO burn_train::learner::supervised::strategies::single::epoch: Iteration 142
2026-02-27T13:20:08.589504Z  INFO burn_train::learner::supervised::strategies::single::epoch: Iteration 143
2026-02-27T13:20:24.311885Z  INFO burn_train::learner::supervised::strategies::single::epoch: Iteration 144
2026-02-27T13:20:28.173884Z  INFO burn_train::learner::supervised::strategies::single::epoch: Iteration 145
2026-02-27T13:20:44.052135Z  INFO burn_train::learner::supervised::strategies::single::epoch: Iteration 146
2026-02-27T13:21:23.244321Z  INFO burn_train::learner::supervised::strategies::single::epoch: Iteration 147
2026-02-27T13:21:27.854566Z  INFO burn_train::learner::supervised::strategies::single::epoch: Iteration 148
2026-02-27T13:21:31.928949Z  INFO burn_train::learner::supervised::strategies::single::epoch: Iteration 149
2026-02-27T13:21:37.943046Z  INFO burn_train::learner::supervised::strategies::single::epoch: Iteration 150
2026-02-27T13:22:18.846299Z  INFO burn_train::learner::supervised::strategies::single::epoch: Iteration 151
2026-02-27T13:22:40.656845Z  INFO burn_train::learner::supervised::strategies::single::epoch: Iteration 152
2026-02-27T13:22:54.259507Z  INFO burn_train::learner::supervised::strategies::single::epoch: Iteration 153
2026-02-27T13:22:58.069715Z  INFO burn_train::learner::supervised::strategies::single::epoch: Iteration 154
2026-02-27T13:23:06.801341Z  INFO burn_train::learner::supervised::strategies::single::epoch: Iteration 155
2026-02-27T13:23:30.836840Z  INFO burn_train::learner::supervised::strategies::single::epoch: Iteration 156
2026-02-27T13:24:12.431497Z  INFO burn_train::learner::supervised::strategies::single::epoch: Iteration 157
2026-02-27T13:24:12.992430Z  INFO burn_train::learner::supervised::strategies::single::epoch: Iteration 158
2026-02-27T13:24:13.492746Z  INFO burn_train::learner::supervised::strategies::single::epoch: Iteration 159
2026-02-27T13:24:37.281287Z  INFO burn_train::learner::supervised::strategies::single::epoch: Iteration 160
2026-02-27T13:24:59.903232Z  INFO burn_train::learner::supervised::strategies::single::epoch: Iteration 161
2026-02-27T13:25:29.163194Z  INFO burn_train::learner::supervised::strategies::single::epoch: Iteration 162
2026-02-27T13:25:36.744548Z  INFO burn_train::learner::supervised::strategies::single::epoch: Iteration 163
2026-02-27T13:26:00.546729Z  INFO burn_train::learner::supervised::strategies::single::epoch: Iteration 164
2026-02-27T13:26:00.650101Z  INFO burn_train::learner::supervised::strategies::single::epoch: Iteration 165
2026-02-27T13:26:25.184878Z  INFO burn_train::learner::supervised::strategies::single::epoch: Iteration 166
2026-02-27T13:26:45.300662Z  INFO burn_train::learner::supervised::strategies::single::epoch: Iteration 167
2026-02-27T13:26:48.450915Z  INFO burn_train::learner::supervised::strategies::single::epoch: Iteration 168
2026-02-27T13:27:08.901725Z  INFO burn_train::learner::supervised::strategies::single::epoch: Iteration 169
2026-02-27T13:27:31.330590Z  INFO burn_train::learner::supervised::strategies::single::epoch: Iteration 170
2026-02-27T13:27:58.041697Z  INFO burn_train::learner::supervised::strategies::single::epoch: Iteration 171
2026-02-27T13:28:07.311343Z  INFO burn_train::learner::supervised::strategies::single::epoch: Iteration 172
2026-02-27T13:28:11.474671Z  INFO burn_train::learner::supervised::strategies::single::epoch: Iteration 173
2026-02-27T13:28:17.348487Z  INFO burn_train::learner::supervised::strategies::single::epoch: Iteration 174
2026-02-27T13:28:51.670665Z  INFO burn_train::learner::supervised::strategies::single::epoch: Iteration 175
2026-02-27T13:28:55.645534Z  INFO burn_train::learner::supervised::strategies::single::epoch: Iteration 176
2026-02-27T13:29:11.463631Z  INFO burn_train::learner::supervised::strategies::single::epoch: Iteration 177
2026-02-27T13:29:16.170987Z  INFO burn_train::learner::supervised::strategies::single::epoch: Iteration 178
2026-02-27T13:29:56.257062Z  INFO burn_train::learner::supervised::strategies::single::epoch: Iteration 179
2026-02-27T13:29:58.362291Z  INFO burn_train::learner::supervised::strategies::single::epoch: Iteration 180
2026-02-27T13:30:12.128423Z  INFO burn_train::learner::supervised::strategies::single::epoch: Iteration 181
2026-02-27T13:30:15.451535Z  INFO burn_train::learner::supervised::strategies::single::epoch: Iteration 182
2026-02-27T13:30:27.474135Z  INFO burn_train::learner::supervised::strategies::single::epoch: Iteration 183
2026-02-27T13:31:15.221919Z  INFO burn_train::learner::supervised::strategies::single::epoch: Iteration 184
2026-02-27T13:31:26.751513Z  INFO burn_train::learner::supervised::strategies::single::epoch: Iteration 185
2026-02-27T13:31:32.791664Z  INFO burn_train::learner::supervised::strategies::single::epoch: Iteration 186
